{"/Users/michael.rose/Software/mongodb/compass/compass/packages/data-service/lib/data-service.js":{"path":"/Users/michael.rose/Software/mongodb/compass/compass/packages/data-service/lib/data-service.js","statementMap":{"0":{"start":{"line":2,"column":21},"end":{"line":2,"column":38}},"1":{"start":{"line":5,"column":8},"end":{"line":5,"column":16}},"2":{"start":{"line":6,"column":8},"end":{"line":6,"column":37}},"3":{"start":{"line":7,"column":8},"end":{"line":7,"column":27}},"4":{"start":{"line":8,"column":29},"end":{"line":8,"column":55}},"5":{"start":{"line":9,"column":8},"end":{"line":19,"column":11}},"6":{"start":{"line":10,"column":35},"end":{"line":10,"column":59}},"7":{"start":{"line":11,"column":53},"end":{"line":11,"column":95}},"8":{"start":{"line":12,"column":42},"end":{"line":12,"column":73}},"9":{"start":{"line":13,"column":41},"end":{"line":13,"column":71}},"10":{"start":{"line":14,"column":44},"end":{"line":14,"column":77}},"11":{"start":{"line":15,"column":43},"end":{"line":15,"column":75}},"12":{"start":{"line":17,"column":12},"end":{"line":17,"column":55}},"13":{"start":{"line":18,"column":12},"end":{"line":18,"column":57}},"14":{"start":{"line":22,"column":8},"end":{"line":22,"column":45}},"15":{"start":{"line":25,"column":8},"end":{"line":25,"column":51}},"16":{"start":{"line":28,"column":8},"end":{"line":28,"column":76}},"17":{"start":{"line":31,"column":8},"end":{"line":31,"column":58}},"18":{"start":{"line":34,"column":8},"end":{"line":34,"column":38}},"19":{"start":{"line":37,"column":8},"end":{"line":37,"column":36}},"20":{"start":{"line":40,"column":8},"end":{"line":40,"column":40}},"21":{"start":{"line":43,"column":8},"end":{"line":43,"column":39}},"22":{"start":{"line":46,"column":8},"end":{"line":46,"column":47}},"23":{"start":{"line":49,"column":8},"end":{"line":49,"column":73}},"24":{"start":{"line":52,"column":8},"end":{"line":52,"column":68}},"25":{"start":{"line":55,"column":8},"end":{"line":55,"column":44}},"26":{"start":{"line":58,"column":8},"end":{"line":64,"column":11}},"27":{"start":{"line":59,"column":12},"end":{"line":61,"column":13}},"28":{"start":{"line":60,"column":16},"end":{"line":60,"column":33}},"29":{"start":{"line":62,"column":12},"end":{"line":62,"column":29}},"30":{"start":{"line":63,"column":12},"end":{"line":63,"column":34}},"31":{"start":{"line":67,"column":8},"end":{"line":67,"column":58}},"32":{"start":{"line":70,"column":8},"end":{"line":70,"column":57}},"33":{"start":{"line":73,"column":8},"end":{"line":73,"column":60}},"34":{"start":{"line":76,"column":8},"end":{"line":76,"column":61}},"35":{"start":{"line":79,"column":8},"end":{"line":79,"column":51}},"36":{"start":{"line":82,"column":8},"end":{"line":82,"column":61}},"37":{"start":{"line":85,"column":8},"end":{"line":85,"column":62}},"38":{"start":{"line":88,"column":8},"end":{"line":88,"column":41}},"39":{"start":{"line":91,"column":8},"end":{"line":91,"column":49}},"40":{"start":{"line":94,"column":8},"end":{"line":94,"column":49}},"41":{"start":{"line":97,"column":8},"end":{"line":97,"column":50}},"42":{"start":{"line":100,"column":8},"end":{"line":100,"column":70}},"43":{"start":{"line":103,"column":8},"end":{"line":103,"column":56}},"44":{"start":{"line":106,"column":8},"end":{"line":106,"column":54}},"45":{"start":{"line":109,"column":8},"end":{"line":109,"column":82}},"46":{"start":{"line":112,"column":8},"end":{"line":112,"column":76}},"47":{"start":{"line":115,"column":8},"end":{"line":115,"column":59}},"48":{"start":{"line":118,"column":8},"end":{"line":118,"column":42}},"49":{"start":{"line":121,"column":8},"end":{"line":121,"column":39}},"50":{"start":{"line":124,"column":8},"end":{"line":124,"column":58}},"51":{"start":{"line":127,"column":8},"end":{"line":127,"column":60}},"52":{"start":{"line":130,"column":8},"end":{"line":130,"column":54}},"53":{"start":{"line":133,"column":8},"end":{"line":133,"column":58}},"54":{"start":{"line":136,"column":8},"end":{"line":136,"column":69}},"55":{"start":{"line":139,"column":8},"end":{"line":139,"column":70}},"56":{"start":{"line":142,"column":8},"end":{"line":142,"column":52}},"57":{"start":{"line":145,"column":8},"end":{"line":145,"column":37}},"58":{"start":{"line":148,"column":8},"end":{"line":148,"column":42}},"59":{"start":{"line":151,"column":8},"end":{"line":151,"column":58}},"60":{"start":{"line":154,"column":8},"end":{"line":154,"column":34}},"61":{"start":{"line":157,"column":8},"end":{"line":157,"column":76}},"62":{"start":{"line":160,"column":8},"end":{"line":160,"column":76}},"63":{"start":{"line":163,"column":8},"end":{"line":163,"column":43}},"64":{"start":{"line":166,"column":8},"end":{"line":166,"column":43}},"65":{"start":{"line":169,"column":8},"end":{"line":169,"column":49}},"66":{"start":{"line":172,"column":8},"end":{"line":172,"column":48}},"67":{"start":{"line":175,"column":8},"end":{"line":175,"column":41}},"68":{"start":{"line":178,"column":8},"end":{"line":178,"column":32}},"69":{"start":{"line":179,"column":8},"end":{"line":182,"column":9}},"70":{"start":{"line":180,"column":12},"end":{"line":180,"column":31}},"71":{"start":{"line":181,"column":12},"end":{"line":181,"column":25}},"72":{"start":{"line":183,"column":8},"end":{"line":183,"column":51}},"73":{"start":{"line":184,"column":8},"end":{"line":184,"column":20}},"74":{"start":{"line":187,"column":0},"end":{"line":187,"column":29}}},"fnMap":{"0":{"name":"(anonymous_0)","decl":{"start":{"line":4,"column":4},"end":{"line":4,"column":5}},"loc":{"start":{"line":4,"column":23},"end":{"line":20,"column":5}},"line":4},"1":{"name":"(anonymous_1)","decl":{"start":{"line":10,"column":26},"end":{"line":10,"column":27}},"loc":{"start":{"line":10,"column":35},"end":{"line":10,"column":59}},"line":10},"2":{"name":"(anonymous_2)","decl":{"start":{"line":11,"column":44},"end":{"line":11,"column":45}},"loc":{"start":{"line":11,"column":53},"end":{"line":11,"column":95}},"line":11},"3":{"name":"(anonymous_3)","decl":{"start":{"line":12,"column":33},"end":{"line":12,"column":34}},"loc":{"start":{"line":12,"column":42},"end":{"line":12,"column":73}},"line":12},"4":{"name":"(anonymous_4)","decl":{"start":{"line":13,"column":32},"end":{"line":13,"column":33}},"loc":{"start":{"line":13,"column":41},"end":{"line":13,"column":71}},"line":13},"5":{"name":"(anonymous_5)","decl":{"start":{"line":14,"column":35},"end":{"line":14,"column":36}},"loc":{"start":{"line":14,"column":44},"end":{"line":14,"column":77}},"line":14},"6":{"name":"(anonymous_6)","decl":{"start":{"line":15,"column":34},"end":{"line":15,"column":35}},"loc":{"start":{"line":15,"column":43},"end":{"line":15,"column":75}},"line":15},"7":{"name":"(anonymous_7)","decl":{"start":{"line":16,"column":46},"end":{"line":16,"column":47}},"loc":{"start":{"line":16,"column":55},"end":{"line":19,"column":9}},"line":16},"8":{"name":"(anonymous_8)","decl":{"start":{"line":21,"column":4},"end":{"line":21,"column":5}},"loc":{"start":{"line":21,"column":27},"end":{"line":23,"column":5}},"line":21},"9":{"name":"(anonymous_9)","decl":{"start":{"line":24,"column":4},"end":{"line":24,"column":5}},"loc":{"start":{"line":24,"column":38},"end":{"line":26,"column":5}},"line":24},"10":{"name":"(anonymous_10)","decl":{"start":{"line":27,"column":4},"end":{"line":27,"column":5}},"loc":{"start":{"line":27,"column":60},"end":{"line":29,"column":5}},"line":27},"11":{"name":"(anonymous_11)","decl":{"start":{"line":30,"column":4},"end":{"line":30,"column":5}},"loc":{"start":{"line":30,"column":42},"end":{"line":32,"column":5}},"line":30},"12":{"name":"(anonymous_12)","decl":{"start":{"line":33,"column":4},"end":{"line":33,"column":5}},"loc":{"start":{"line":33,"column":17},"end":{"line":35,"column":5}},"line":33},"13":{"name":"(anonymous_13)","decl":{"start":{"line":36,"column":4},"end":{"line":36,"column":5}},"loc":{"start":{"line":36,"column":15},"end":{"line":38,"column":5}},"line":36},"14":{"name":"(anonymous_14)","decl":{"start":{"line":39,"column":4},"end":{"line":39,"column":5}},"loc":{"start":{"line":39,"column":24},"end":{"line":41,"column":5}},"line":39},"15":{"name":"(anonymous_15)","decl":{"start":{"line":42,"column":4},"end":{"line":42,"column":5}},"loc":{"start":{"line":42,"column":23},"end":{"line":44,"column":5}},"line":42},"16":{"name":"(anonymous_16)","decl":{"start":{"line":45,"column":4},"end":{"line":45,"column":5}},"loc":{"start":{"line":45,"column":31},"end":{"line":47,"column":5}},"line":45},"17":{"name":"(anonymous_17)","decl":{"start":{"line":48,"column":4},"end":{"line":48,"column":5}},"loc":{"start":{"line":48,"column":57},"end":{"line":50,"column":5}},"line":48},"18":{"name":"(anonymous_18)","decl":{"start":{"line":51,"column":4},"end":{"line":51,"column":5}},"loc":{"start":{"line":51,"column":52},"end":{"line":53,"column":5}},"line":51},"19":{"name":"(anonymous_19)","decl":{"start":{"line":54,"column":4},"end":{"line":54,"column":5}},"loc":{"start":{"line":54,"column":28},"end":{"line":56,"column":5}},"line":54},"20":{"name":"(anonymous_20)","decl":{"start":{"line":57,"column":4},"end":{"line":57,"column":5}},"loc":{"start":{"line":57,"column":18},"end":{"line":65,"column":5}},"line":57},"21":{"name":"(anonymous_21)","decl":{"start":{"line":58,"column":28},"end":{"line":58,"column":29}},"loc":{"start":{"line":58,"column":37},"end":{"line":64,"column":9}},"line":58},"22":{"name":"(anonymous_22)","decl":{"start":{"line":66,"column":4},"end":{"line":66,"column":5}},"loc":{"start":{"line":66,"column":42},"end":{"line":68,"column":5}},"line":66},"23":{"name":"(anonymous_23)","decl":{"start":{"line":69,"column":4},"end":{"line":69,"column":5}},"loc":{"start":{"line":69,"column":41},"end":{"line":71,"column":5}},"line":69},"24":{"name":"(anonymous_24)","decl":{"start":{"line":72,"column":4},"end":{"line":72,"column":5}},"loc":{"start":{"line":72,"column":44},"end":{"line":74,"column":5}},"line":72},"25":{"name":"(anonymous_25)","decl":{"start":{"line":75,"column":4},"end":{"line":75,"column":5}},"loc":{"start":{"line":75,"column":45},"end":{"line":77,"column":5}},"line":75},"26":{"name":"(anonymous_26)","decl":{"start":{"line":78,"column":4},"end":{"line":78,"column":5}},"loc":{"start":{"line":78,"column":38},"end":{"line":80,"column":5}},"line":78},"27":{"name":"(anonymous_27)","decl":{"start":{"line":81,"column":4},"end":{"line":81,"column":5}},"loc":{"start":{"line":81,"column":45},"end":{"line":83,"column":5}},"line":81},"28":{"name":"(anonymous_28)","decl":{"start":{"line":84,"column":4},"end":{"line":84,"column":5}},"loc":{"start":{"line":84,"column":46},"end":{"line":86,"column":5}},"line":84},"29":{"name":"(anonymous_29)","decl":{"start":{"line":87,"column":4},"end":{"line":87,"column":5}},"loc":{"start":{"line":87,"column":25},"end":{"line":89,"column":5}},"line":87},"30":{"name":"(anonymous_30)","decl":{"start":{"line":90,"column":4},"end":{"line":90,"column":5}},"loc":{"start":{"line":90,"column":33},"end":{"line":92,"column":5}},"line":90},"31":{"name":"(anonymous_31)","decl":{"start":{"line":93,"column":4},"end":{"line":93,"column":5}},"loc":{"start":{"line":93,"column":33},"end":{"line":95,"column":5}},"line":93},"32":{"name":"(anonymous_32)","decl":{"start":{"line":96,"column":4},"end":{"line":96,"column":5}},"loc":{"start":{"line":96,"column":34},"end":{"line":98,"column":5}},"line":96},"33":{"name":"(anonymous_33)","decl":{"start":{"line":99,"column":4},"end":{"line":99,"column":5}},"loc":{"start":{"line":99,"column":47},"end":{"line":101,"column":5}},"line":99},"34":{"name":"(anonymous_34)","decl":{"start":{"line":102,"column":4},"end":{"line":102,"column":5}},"loc":{"start":{"line":102,"column":40},"end":{"line":104,"column":5}},"line":102},"35":{"name":"(anonymous_35)","decl":{"start":{"line":105,"column":4},"end":{"line":105,"column":5}},"loc":{"start":{"line":105,"column":31},"end":{"line":107,"column":5}},"line":105},"36":{"name":"(anonymous_36)","decl":{"start":{"line":108,"column":4},"end":{"line":108,"column":5}},"loc":{"start":{"line":108,"column":66},"end":{"line":110,"column":5}},"line":108},"37":{"name":"(anonymous_37)","decl":{"start":{"line":111,"column":4},"end":{"line":111,"column":5}},"loc":{"start":{"line":111,"column":60},"end":{"line":113,"column":5}},"line":111},"38":{"name":"(anonymous_38)","decl":{"start":{"line":114,"column":4},"end":{"line":114,"column":5}},"loc":{"start":{"line":114,"column":43},"end":{"line":116,"column":5}},"line":114},"39":{"name":"(anonymous_39)","decl":{"start":{"line":117,"column":4},"end":{"line":117,"column":5}},"loc":{"start":{"line":117,"column":35},"end":{"line":119,"column":5}},"line":117},"40":{"name":"(anonymous_40)","decl":{"start":{"line":120,"column":4},"end":{"line":120,"column":5}},"loc":{"start":{"line":120,"column":32},"end":{"line":122,"column":5}},"line":120},"41":{"name":"(anonymous_41)","decl":{"start":{"line":123,"column":4},"end":{"line":123,"column":5}},"loc":{"start":{"line":123,"column":42},"end":{"line":125,"column":5}},"line":123},"42":{"name":"(anonymous_42)","decl":{"start":{"line":126,"column":4},"end":{"line":126,"column":5}},"loc":{"start":{"line":126,"column":44},"end":{"line":128,"column":5}},"line":126},"43":{"name":"(anonymous_43)","decl":{"start":{"line":129,"column":4},"end":{"line":129,"column":5}},"loc":{"start":{"line":129,"column":31},"end":{"line":131,"column":5}},"line":129},"44":{"name":"(anonymous_44)","decl":{"start":{"line":132,"column":4},"end":{"line":132,"column":5}},"loc":{"start":{"line":132,"column":42},"end":{"line":134,"column":5}},"line":132},"45":{"name":"(anonymous_45)","decl":{"start":{"line":135,"column":4},"end":{"line":135,"column":5}},"loc":{"start":{"line":135,"column":53},"end":{"line":137,"column":5}},"line":135},"46":{"name":"(anonymous_46)","decl":{"start":{"line":138,"column":4},"end":{"line":138,"column":5}},"loc":{"start":{"line":138,"column":54},"end":{"line":140,"column":5}},"line":138},"47":{"name":"(anonymous_47)","decl":{"start":{"line":141,"column":4},"end":{"line":141,"column":5}},"loc":{"start":{"line":141,"column":36},"end":{"line":143,"column":5}},"line":141},"48":{"name":"(anonymous_48)","decl":{"start":{"line":144,"column":4},"end":{"line":144,"column":5}},"loc":{"start":{"line":144,"column":26},"end":{"line":146,"column":5}},"line":144},"49":{"name":"(anonymous_49)","decl":{"start":{"line":147,"column":4},"end":{"line":147,"column":5}},"loc":{"start":{"line":147,"column":26},"end":{"line":149,"column":5}},"line":147},"50":{"name":"(anonymous_50)","decl":{"start":{"line":150,"column":4},"end":{"line":150,"column":5}},"loc":{"start":{"line":150,"column":42},"end":{"line":152,"column":5}},"line":150},"51":{"name":"(anonymous_51)","decl":{"start":{"line":153,"column":4},"end":{"line":153,"column":5}},"loc":{"start":{"line":153,"column":18},"end":{"line":155,"column":5}},"line":153},"52":{"name":"(anonymous_52)","decl":{"start":{"line":156,"column":4},"end":{"line":156,"column":5}},"loc":{"start":{"line":156,"column":60},"end":{"line":158,"column":5}},"line":156},"53":{"name":"(anonymous_53)","decl":{"start":{"line":159,"column":4},"end":{"line":159,"column":5}},"loc":{"start":{"line":159,"column":60},"end":{"line":161,"column":5}},"line":159},"54":{"name":"(anonymous_54)","decl":{"start":{"line":162,"column":4},"end":{"line":162,"column":5}},"loc":{"start":{"line":162,"column":27},"end":{"line":164,"column":5}},"line":162},"55":{"name":"(anonymous_55)","decl":{"start":{"line":165,"column":4},"end":{"line":165,"column":5}},"loc":{"start":{"line":165,"column":20},"end":{"line":167,"column":5}},"line":165},"56":{"name":"(anonymous_56)","decl":{"start":{"line":168,"column":4},"end":{"line":168,"column":5}},"loc":{"start":{"line":168,"column":26},"end":{"line":170,"column":5}},"line":168},"57":{"name":"(anonymous_57)","decl":{"start":{"line":171,"column":4},"end":{"line":171,"column":5}},"loc":{"start":{"line":171,"column":25},"end":{"line":173,"column":5}},"line":171},"58":{"name":"(anonymous_58)","decl":{"start":{"line":174,"column":4},"end":{"line":174,"column":5}},"loc":{"start":{"line":174,"column":18},"end":{"line":176,"column":5}},"line":174},"59":{"name":"(anonymous_59)","decl":{"start":{"line":177,"column":4},"end":{"line":177,"column":5}},"loc":{"start":{"line":177,"column":48},"end":{"line":185,"column":5}},"line":177}},"branchMap":{"0":{"loc":{"start":{"line":59,"column":12},"end":{"line":61,"column":13}},"type":"if","locations":[{"start":{"line":59,"column":12},"end":{"line":61,"column":13}},{"start":{"line":59,"column":12},"end":{"line":61,"column":13}}],"line":59},"1":{"loc":{"start":{"line":178,"column":18},"end":{"line":178,"column":31}},"type":"binary-expr","locations":[{"start":{"line":178,"column":18},"end":{"line":178,"column":25}},{"start":{"line":178,"column":29},"end":{"line":178,"column":31}}],"line":178},"2":{"loc":{"start":{"line":179,"column":8},"end":{"line":182,"column":9}},"type":"if","locations":[{"start":{"line":179,"column":8},"end":{"line":182,"column":9}},{"start":{"line":179,"column":8},"end":{"line":182,"column":9}}],"line":179}},"s":{"0":1,"1":9,"2":9,"3":9,"4":9,"5":9,"6":0,"7":4,"8":4,"9":4,"10":4,"11":4,"12":8,"13":8,"14":0,"15":1,"16":1,"17":1,"18":0,"19":0,"20":0,"21":0,"22":0,"23":0,"24":3,"25":2,"26":4,"27":4,"28":0,"29":4,"30":4,"31":1,"32":2,"33":1,"34":3,"35":1,"36":1,"37":1,"38":6,"39":1,"40":1,"41":1,"42":2,"43":9,"44":1,"45":1,"46":1,"47":0,"48":5,"49":2,"50":6,"51":2,"52":0,"53":1,"54":1,"55":1,"56":0,"57":2,"58":0,"59":1,"60":0,"61":2,"62":1,"63":2,"64":1,"65":1,"66":1,"67":3,"68":0,"69":0,"70":0,"71":0,"72":0,"73":0,"74":1},"f":{"0":9,"1":0,"2":4,"3":4,"4":4,"5":4,"6":4,"7":8,"8":0,"9":1,"10":1,"11":1,"12":0,"13":0,"14":0,"15":0,"16":0,"17":0,"18":3,"19":2,"20":4,"21":4,"22":1,"23":2,"24":1,"25":3,"26":1,"27":1,"28":1,"29":6,"30":1,"31":1,"32":1,"33":2,"34":9,"35":1,"36":1,"37":1,"38":0,"39":5,"40":2,"41":6,"42":2,"43":0,"44":1,"45":1,"46":1,"47":0,"48":2,"49":0,"50":1,"51":0,"52":2,"53":1,"54":2,"55":1,"56":1,"57":1,"58":3,"59":0},"b":{"0":[0,4],"1":[0,0],"2":[0,0]},"inputSourceMap":{"version":3,"file":"/Users/michael.rose/Software/mongodb/compass/compass/packages/data-service/lib/data-service.js","sources":["/Users/michael.rose/Software/mongodb/compass/compass/packages/data-service/lib/data-service.js"],"names":[],"mappings":"AAAA,YAAY,CAAC;AACb,MAAM,YAAY,GAAG,OAAO,CAAC,QAAQ,CAAC,CAAC;AACvC,MAAM,WAAY,SAAQ,YAAY;IAClC,YAAY,KAAK;QACb,KAAK,EAAE,CAAC;QACR,IAAI,CAAC,gBAAgB,GAAG,IAAI,CAAC;QAC7B,IAAI,CAAC,MAAM,GAAG,IAAI,CAAC;QACnB,MAAM,YAAY,GAAG,OAAO,CAAC,iBAAiB,CAAC,CAAC;QAChD,IAAI,CAAC,MAAM,GAAG,IAAI,YAAY,CAAC,KAAK,CAAC;aAChC,EAAE,CAAC,QAAQ,EAAE,CAAC,GAAG,EAAE,EAAE,CAAC,IAAI,CAAC,IAAI,CAAC,QAAQ,EAAE,GAAG,CAAC,CAAC;aAC/C,EAAE,CAAC,0BAA0B,EAAE,CAAC,GAAG,EAAE,EAAE,CAAC,IAAI,CAAC,IAAI,CAAC,0BAA0B,EAAE,GAAG,CAAC,CAAC;aACnF,EAAE,CAAC,eAAe,EAAE,CAAC,GAAG,EAAE,EAAE,CAAC,IAAI,CAAC,IAAI,CAAC,eAAe,EAAE,GAAG,CAAC,CAAC;aAC7D,EAAE,CAAC,cAAc,EAAE,CAAC,GAAG,EAAE,EAAE,CAAC,IAAI,CAAC,IAAI,CAAC,cAAc,EAAE,GAAG,CAAC,CAAC;aAC3D,EAAE,CAAC,iBAAiB,EAAE,CAAC,GAAG,EAAE,EAAE,CAAC,IAAI,CAAC,IAAI,CAAC,iBAAiB,EAAE,GAAG,CAAC,CAAC;aACjE,EAAE,CAAC,gBAAgB,EAAE,CAAC,GAAG,EAAE,EAAE,CAAC,IAAI,CAAC,IAAI,CAAC,gBAAgB,EAAE,GAAG,CAAC,CAAC;aAC/D,EAAE,CAAC,4BAA4B,EAAE,CAAC,GAAG,EAAE,EAAE;YAC1C,IAAI,CAAC,gBAAgB,GAAG,GAAG,CAAC,cAAc,CAAC;YAC3C,IAAI,CAAC,IAAI,CAAC,4BAA4B,EAAE,GAAG,CAAC,CAAC;QACjD,CAAC,CAAC,CAAC;IACP,CAAC;IACD,oBAAoB;QAChB,OAAO,IAAI,CAAC,MAAM,CAAC,iBAAiB,CAAC;IACzC,CAAC;IACD,UAAU,CAAC,EAAE,EAAE,OAAO,EAAE,QAAQ;QAC5B,IAAI,CAAC,MAAM,CAAC,gBAAgB,CAAC,EAAE,EAAE,QAAQ,CAAC,CAAC;IAC/C,CAAC;IACD,eAAe,CAAC,YAAY,EAAE,cAAc,EAAE,QAAQ;QAClD,IAAI,CAAC,MAAM,CAAC,eAAe,CAAC,YAAY,EAAE,cAAc,EAAE,QAAQ,CAAC,CAAC;IACxE,CAAC;IACD,OAAO,CAAC,YAAY,EAAE,IAAI,EAAE,QAAQ;QAChC,IAAI,CAAC,MAAM,CAAC,OAAO,CAAC,YAAY,EAAE,IAAI,EAAE,QAAQ,CAAC,CAAC;IACtD,CAAC;IACD,UAAU;QACN,OAAO,IAAI,CAAC,MAAM,CAAC,UAAU,CAAC;IAClC,CAAC;IACD,QAAQ;QACJ,OAAO,IAAI,CAAC,MAAM,CAAC,QAAQ,CAAC;IAChC,CAAC;IACD,SAAS,CAAC,QAAQ;QACd,IAAI,CAAC,MAAM,CAAC,SAAS,CAAC,QAAQ,CAAC,CAAC;IACpC,CAAC;IACD,QAAQ,CAAC,QAAQ;QACb,IAAI,CAAC,MAAM,CAAC,QAAQ,CAAC,QAAQ,CAAC,CAAC;IACnC,CAAC;IACD,gBAAgB,CAAC,QAAQ;QACrB,IAAI,CAAC,MAAM,CAAC,gBAAgB,CAAC,QAAQ,CAAC,CAAC;IAC3C,CAAC;IACD,SAAS,CAAC,sBAAsB,EAAE,OAAO,EAAE,QAAQ;QAC/C,IAAI,CAAC,MAAM,CAAC,SAAS,CAAC,sBAAsB,EAAE,OAAO,EAAE,QAAQ,CAAC,CAAC;IACrE,CAAC;IACD,eAAe,CAAC,YAAY,EAAE,MAAM,EAAE,QAAQ;QAC1C,IAAI,CAAC,MAAM,CAAC,eAAe,CAAC,YAAY,EAAE,MAAM,EAAE,QAAQ,CAAC,CAAC;IAChE,CAAC;IACD,aAAa,CAAC,QAAQ;QAClB,IAAI,CAAC,MAAM,CAAC,aAAa,CAAC,QAAQ,CAAC,CAAC;IACxC,CAAC;IACD,OAAO,CAAC,IAAI;QACR,IAAI,CAAC,MAAM,CAAC,OAAO,CAAC,CAAC,GAAG,EAAE,EAAE;YACxB,IAAI,GAAG,EAAE;gBACL,OAAO,IAAI,CAAC,GAAG,CAAC,CAAC;aACpB;YACD,IAAI,CAAC,IAAI,EAAE,IAAI,CAAC,CAAC;YACjB,IAAI,CAAC,IAAI,CAAC,UAAU,CAAC,CAAC;QAC1B,CAAC,CAAC,CAAC;IACP,CAAC;IACD,cAAc,CAAC,EAAE,EAAE,OAAO,EAAE,QAAQ;QAChC,IAAI,CAAC,MAAM,CAAC,cAAc,CAAC,EAAE,EAAE,OAAO,EAAE,QAAQ,CAAC,CAAC;IACtD,CAAC;IACD,KAAK,CAAC,EAAE,EAAE,MAAM,EAAE,OAAO,EAAE,QAAQ;QAC/B,IAAI,CAAC,MAAM,CAAC,KAAK,CAAC,EAAE,EAAE,MAAM,EAAE,OAAO,EAAE,QAAQ,CAAC,CAAC;IACrD,CAAC;IACD,gBAAgB,CAAC,EAAE,EAAE,OAAO,EAAE,QAAQ;QAClC,IAAI,CAAC,MAAM,CAAC,gBAAgB,CAAC,EAAE,EAAE,OAAO,EAAE,QAAQ,CAAC,CAAC;IACxD,CAAC;IACD,WAAW,CAAC,EAAE,EAAE,IAAI,EAAE,OAAO,EAAE,QAAQ;QACnC,IAAI,CAAC,MAAM,CAAC,WAAW,CAAC,EAAE,EAAE,IAAI,EAAE,OAAO,EAAE,QAAQ,CAAC,CAAC;IACzD,CAAC;IACD,QAAQ,CAAC,IAAI,EAAE,OAAO,EAAE,QAAQ;QAC5B,IAAI,CAAC,MAAM,CAAC,cAAc,CAAC,IAAI,EAAE,QAAQ,CAAC,CAAC;IAC/C,CAAC;IACD,SAAS,CAAC,EAAE,EAAE,MAAM,EAAE,OAAO,EAAE,QAAQ;QACnC,IAAI,CAAC,MAAM,CAAC,SAAS,CAAC,EAAE,EAAE,MAAM,EAAE,OAAO,EAAE,QAAQ,CAAC,CAAC;IACzD,CAAC;IACD,UAAU,CAAC,EAAE,EAAE,MAAM,EAAE,OAAO,EAAE,QAAQ;QACpC,IAAI,CAAC,MAAM,CAAC,UAAU,CAAC,EAAE,EAAE,MAAM,EAAE,OAAO,EAAE,QAAQ,CAAC,CAAC;IAC1D,CAAC;IACD,UAAU,CAAC,QAAQ;QACf,IAAI,CAAC,MAAM,CAAC,UAAU,CAAC,QAAQ,CAAC,CAAC;IACrC,CAAC;IACD,cAAc,CAAC,EAAE,EAAE,QAAQ;QACvB,IAAI,CAAC,MAAM,CAAC,cAAc,CAAC,EAAE,EAAE,QAAQ,CAAC,CAAC;IAC7C,CAAC;IACD,YAAY,CAAC,IAAI,EAAE,QAAQ;QACvB,IAAI,CAAC,MAAM,CAAC,YAAY,CAAC,IAAI,EAAE,QAAQ,CAAC,CAAC;IAC7C,CAAC;IACD,SAAS,CAAC,EAAE,EAAE,IAAI,EAAE,QAAQ;QACxB,IAAI,CAAC,MAAM,CAAC,SAAS,CAAC,EAAE,EAAE,IAAI,EAAE,QAAQ,CAAC,CAAC;IAC9C,CAAC;IACD,SAAS,CAAC,EAAE,EAAE,QAAQ,EAAE,OAAO,EAAE,QAAQ;QACrC,OAAO,IAAI,CAAC,MAAM,CAAC,SAAS,CAAC,EAAE,EAAE,QAAQ,EAAE,OAAO,EAAE,QAAQ,CAAC,CAAC;IAClE,CAAC;IACD,IAAI,CAAC,EAAE,EAAE,MAAM,EAAE,OAAO,EAAE,QAAQ;QAC9B,IAAI,CAAC,MAAM,CAAC,IAAI,CAAC,EAAE,EAAE,MAAM,EAAE,OAAO,EAAE,QAAQ,CAAC,CAAC;IACpD,CAAC;IACD,KAAK,CAAC,EAAE,EAAE,MAAM,EAAE,OAAO;QACrB,OAAO,IAAI,CAAC,MAAM,CAAC,KAAK,CAAC,EAAE,EAAE,MAAM,EAAE,OAAO,CAAC,CAAC;IAClD,CAAC;IACD,iBAAiB,CAAC,EAAE,EAAE,MAAM,EAAE,WAAW,EAAE,OAAO,EAAE,QAAQ;QACxD,IAAI,CAAC,MAAM,CAAC,iBAAiB,CAAC,EAAE,EAAE,MAAM,EAAE,WAAW,EAAE,OAAO,EAAE,QAAQ,CAAC,CAAC;IAC9E,CAAC;IACD,gBAAgB,CAAC,EAAE,EAAE,MAAM,EAAE,MAAM,EAAE,OAAO,EAAE,QAAQ;QAClD,IAAI,CAAC,MAAM,CAAC,gBAAgB,CAAC,EAAE,EAAE,MAAM,EAAE,MAAM,EAAE,OAAO,EAAE,QAAQ,CAAC,CAAC;IACxE,CAAC;IACD,OAAO,CAAC,EAAE,EAAE,MAAM,EAAE,OAAO,EAAE,QAAQ;QACjC,IAAI,CAAC,MAAM,CAAC,OAAO,CAAC,EAAE,EAAE,MAAM,EAAE,OAAO,EAAE,QAAQ,CAAC,CAAC;IACvD,CAAC;IACD,OAAO,CAAC,EAAE,EAAE,OAAO,EAAE,QAAQ;QACzB,IAAI,CAAC,MAAM,CAAC,OAAO,CAAC,EAAE,EAAE,QAAQ,CAAC,CAAC;IACtC,CAAC;IACD,QAAQ,CAAC,OAAO,EAAE,QAAQ;QACtB,IAAI,CAAC,MAAM,CAAC,QAAQ,CAAC,QAAQ,CAAC,CAAC;IACnC,CAAC;IACD,SAAS,CAAC,EAAE,EAAE,GAAG,EAAE,OAAO,EAAE,QAAQ;QAChC,IAAI,CAAC,MAAM,CAAC,SAAS,CAAC,EAAE,EAAE,GAAG,EAAE,OAAO,EAAE,QAAQ,CAAC,CAAC;IACtD,CAAC;IACD,UAAU,CAAC,EAAE,EAAE,IAAI,EAAE,OAAO,EAAE,QAAQ;QAClC,IAAI,CAAC,MAAM,CAAC,UAAU,CAAC,EAAE,EAAE,IAAI,EAAE,OAAO,EAAE,QAAQ,CAAC,CAAC;IACxD,CAAC;IACD,OAAO,CAAC,EAAE,EAAE,IAAI,EAAE,OAAO;QACrB,OAAO,IAAI,CAAC,MAAM,CAAC,OAAO,CAAC,EAAE,EAAE,IAAI,EAAE,OAAO,CAAC,CAAC;IAClD,CAAC;IACD,gBAAgB,CAAC,EAAE,EAAE,KAAK,EAAE,QAAQ;QAChC,IAAI,CAAC,MAAM,CAAC,gBAAgB,CAAC,EAAE,EAAE,KAAK,EAAE,QAAQ,CAAC,CAAC;IACtD,CAAC;IACD,SAAS,CAAC,EAAE,EAAE,MAAM,EAAE,MAAM,EAAE,OAAO,EAAE,QAAQ;QAC3C,IAAI,CAAC,MAAM,CAAC,SAAS,CAAC,EAAE,EAAE,MAAM,EAAE,MAAM,EAAE,OAAO,EAAE,QAAQ,CAAC,CAAC;IACjE,CAAC;IACD,UAAU,CAAC,EAAE,EAAE,MAAM,EAAE,MAAM,EAAE,OAAO,EAAE,QAAQ;QAC5C,IAAI,CAAC,MAAM,CAAC,UAAU,CAAC,EAAE,EAAE,MAAM,EAAE,MAAM,EAAE,OAAO,EAAE,QAAQ,CAAC,CAAC;IAClE,CAAC;IACD,SAAS,CAAC,UAAU,EAAE,QAAQ;QAC1B,IAAI,CAAC,MAAM,CAAC,SAAS,CAAC,UAAU,EAAE,QAAQ,CAAC,CAAC;IAChD,CAAC;IACD,mBAAmB;QACf,OAAO,IAAI,CAAC,gBAAgB,CAAC;IACjC,CAAC;IACD,WAAW,CAAC,QAAQ;QAChB,IAAI,CAAC,MAAM,CAAC,WAAW,CAAC,QAAQ,CAAC,CAAC;IACtC,CAAC;IACD,uBAAuB,CAAC,EAAE,EAAE,QAAQ;QAChC,IAAI,CAAC,MAAM,CAAC,uBAAuB,CAAC,EAAE,EAAE,QAAQ,CAAC,CAAC;IACtD,CAAC;IACD,GAAG,CAAC,QAAQ;QACR,IAAI,CAAC,MAAM,CAAC,GAAG,CAAC,QAAQ,CAAC,CAAC;IAC9B,CAAC;IACD,UAAU,CAAC,IAAI,EAAE,QAAQ,EAAE,QAAQ,EAAE,OAAO,EAAE,QAAQ;QAClD,IAAI,CAAC,MAAM,CAAC,UAAU,CAAC,IAAI,EAAE,QAAQ,EAAE,QAAQ,EAAE,OAAO,EAAE,QAAQ,CAAC,CAAC;IACxE,CAAC;IACD,UAAU,CAAC,IAAI,EAAE,QAAQ,EAAE,QAAQ,EAAE,OAAO,EAAE,QAAQ;QAClD,IAAI,CAAC,MAAM,CAAC,UAAU,CAAC,IAAI,EAAE,QAAQ,EAAE,QAAQ,EAAE,OAAO,EAAE,QAAQ,CAAC,CAAC;IACxE,CAAC;IACD,QAAQ,CAAC,EAAE,EAAE,QAAQ;QACjB,IAAI,CAAC,MAAM,CAAC,QAAQ,CAAC,EAAE,EAAE,QAAQ,CAAC,CAAC;IACvC,CAAC;IACD,MAAM,CAAC,GAAG,IAAI;QACV,OAAO,IAAI,CAAC,MAAM,CAAC,MAAM,CAAC,GAAG,IAAI,CAAC,CAAC;IACvC,CAAC;IACD,YAAY,CAAC,GAAG,IAAI;QAChB,OAAO,IAAI,CAAC,MAAM,CAAC,YAAY,CAAC,GAAG,IAAI,CAAC,CAAC;IAC7C,CAAC;IACD,WAAW,CAAC,GAAG,IAAI;QACf,OAAO,IAAI,CAAC,MAAM,CAAC,WAAW,CAAC,GAAG,IAAI,CAAC,CAAC;IAC5C,CAAC;IACD,WAAW;QACP,OAAO,IAAI,CAAC,MAAM,CAAC,WAAW,EAAE,CAAC;IACrC,CAAC;IACD,kBAAkB,CAAC,IAAI,EAAE,OAAO,EAAE,QAAQ;QACtC,OAAO,GAAG,OAAO,IAAI,EAAE,CAAC;QACxB,IAAI,OAAO,OAAO,KAAK,UAAU,EAAE;YAC/B,QAAQ,GAAG,OAAO,CAAC;YACnB,OAAO,GAAG,EAAE,CAAC;SAChB;QACD,IAAI,CAAC,IAAI,CAAC,KAAK,CAAC,IAAI,EAAE,CAAC,OAAO,EAAE,QAAQ,CAAC,CAAC,CAAC;QAC3C,OAAO,IAAI,CAAC;IAChB,CAAC;CACJ;AACD,MAAM,CAAC,OAAO,GAAG,WAAW,CAAC","sourcesContent":["\"use strict\";\nconst EventEmitter = require(\"events\");\nclass DataService extends EventEmitter {\n    constructor(model) {\n        super();\n        this.lastSeenTopology = null;\n        this.client = null;\n        const NativeClient = require(\"./native-client\");\n        this.client = new NativeClient(model)\n            .on(\"status\", (evt) => this.emit(\"status\", evt))\n            .on(\"serverDescriptionChanged\", (evt) => this.emit(\"serverDescriptionChanged\", evt))\n            .on(\"serverOpening\", (evt) => this.emit(\"serverOpening\", evt))\n            .on(\"serverClosed\", (evt) => this.emit(\"serverClosed\", evt))\n            .on(\"topologyOpening\", (evt) => this.emit(\"topologyOpening\", evt))\n            .on(\"topologyClosed\", (evt) => this.emit(\"topologyClosed\", evt))\n            .on(\"topologyDescriptionChanged\", (evt) => {\n            this.lastSeenTopology = evt.newDescription;\n            this.emit(\"topologyDescriptionChanged\", evt);\n        });\n    }\n    getConnectionOptions() {\n        return this.client.connectionOptions;\n    }\n    collection(ns, options, callback) {\n        this.client.collectionDetail(ns, callback);\n    }\n    collectionStats(databaseName, collectionName, callback) {\n        this.client.collectionStats(databaseName, collectionName, callback);\n    }\n    command(databaseName, comm, callback) {\n        this.client.command(databaseName, comm, callback);\n    }\n    isWritable() {\n        return this.client.isWritable;\n    }\n    isMongos() {\n        return this.client.isMongos;\n    }\n    buildInfo(callback) {\n        this.client.buildInfo(callback);\n    }\n    hostInfo(callback) {\n        this.client.hostInfo(callback);\n    }\n    connectionStatus(callback) {\n        this.client.connectionStatus(callback);\n    }\n    usersInfo(authenticationDatabase, options, callback) {\n        this.client.usersInfo(authenticationDatabase, options, callback);\n    }\n    listCollections(databaseName, filter, callback) {\n        this.client.listCollections(databaseName, filter, callback);\n    }\n    listDatabases(callback) {\n        this.client.listDatabases(callback);\n    }\n    connect(done) {\n        this.client.connect((err) => {\n            if (err) {\n                return done(err);\n            }\n            done(null, this);\n            this.emit(\"readable\");\n        });\n    }\n    estimatedCount(ns, options, callback) {\n        this.client.estimatedCount(ns, options, callback);\n    }\n    count(ns, filter, options, callback) {\n        this.client.count(ns, filter, options, callback);\n    }\n    createCollection(ns, options, callback) {\n        this.client.createCollection(ns, options, callback);\n    }\n    createIndex(ns, spec, options, callback) {\n        this.client.createIndex(ns, spec, options, callback);\n    }\n    database(name, options, callback) {\n        this.client.databaseDetail(name, callback);\n    }\n    deleteOne(ns, filter, options, callback) {\n        this.client.deleteOne(ns, filter, options, callback);\n    }\n    deleteMany(ns, filter, options, callback) {\n        this.client.deleteMany(ns, filter, options, callback);\n    }\n    disconnect(callback) {\n        this.client.disconnect(callback);\n    }\n    dropCollection(ns, callback) {\n        this.client.dropCollection(ns, callback);\n    }\n    dropDatabase(name, callback) {\n        this.client.dropDatabase(name, callback);\n    }\n    dropIndex(ns, name, callback) {\n        this.client.dropIndex(ns, name, callback);\n    }\n    aggregate(ns, pipeline, options, callback) {\n        return this.client.aggregate(ns, pipeline, options, callback);\n    }\n    find(ns, filter, options, callback) {\n        this.client.find(ns, filter, options, callback);\n    }\n    fetch(ns, filter, options) {\n        return this.client.fetch(ns, filter, options);\n    }\n    findOneAndReplace(ns, filter, replacement, options, callback) {\n        this.client.findOneAndReplace(ns, filter, replacement, options, callback);\n    }\n    findOneAndUpdate(ns, filter, update, options, callback) {\n        this.client.findOneAndUpdate(ns, filter, update, options, callback);\n    }\n    explain(ns, filter, options, callback) {\n        this.client.explain(ns, filter, options, callback);\n    }\n    indexes(ns, options, callback) {\n        this.client.indexes(ns, callback);\n    }\n    instance(options, callback) {\n        this.client.instance(callback);\n    }\n    insertOne(ns, doc, options, callback) {\n        this.client.insertOne(ns, doc, options, callback);\n    }\n    insertMany(ns, docs, options, callback) {\n        this.client.insertMany(ns, docs, options, callback);\n    }\n    putMany(ns, docs, options) {\n        return this.client.putMany(ns, docs, options);\n    }\n    updateCollection(ns, flags, callback) {\n        this.client.updateCollection(ns, flags, callback);\n    }\n    updateOne(ns, filter, update, options, callback) {\n        this.client.updateOne(ns, filter, update, options, callback);\n    }\n    updateMany(ns, filter, update, options, callback) {\n        this.client.updateMany(ns, filter, update, options, callback);\n    }\n    currentOp(includeAll, callback) {\n        this.client.currentOp(includeAll, callback);\n    }\n    getLastSeenTopology() {\n        return this.lastSeenTopology;\n    }\n    serverstats(callback) {\n        this.client.serverStats(callback);\n    }\n    shardedCollectionDetail(ns, callback) {\n        this.client.shardedCollectionDetail(ns, callback);\n    }\n    top(callback) {\n        this.client.top(callback);\n    }\n    createView(name, sourceNs, pipeline, options, callback) {\n        this.client.createView(name, sourceNs, pipeline, options, callback);\n    }\n    updateView(name, sourceNs, pipeline, options, callback) {\n        this.client.updateView(name, sourceNs, pipeline, options, callback);\n    }\n    dropView(ns, callback) {\n        this.client.dropView(ns, callback);\n    }\n    sample(...args) {\n        return this.client.sample(...args);\n    }\n    startSession(...args) {\n        return this.client.startSession(...args);\n    }\n    killSession(...args) {\n        return this.client.killSession(...args);\n    }\n    isConnected() {\n        return this.client.isConnected();\n    }\n    _generateArguments(args, options, callback) {\n        options = options || {};\n        if (typeof options === \"function\") {\n            callback = options;\n            options = {};\n        }\n        args.push.apply(args, [options, callback]);\n        return args;\n    }\n}\nmodule.exports = DataService;\n//# sourceMappingURL=data-service.js.map"]},"_coverageSchema":"1a1c01bbd47fc00a2c39e90264f33305004495a9","hash":"3f87bc622e6f214bf9391c6d655099f8c0f974c8","contentHash":"04531a9855c382afc778edbeaf177c7990c70beee9ed12b08274da1bf3e5d4f4"},"/Users/michael.rose/Software/mongodb/compass/compass/packages/data-service/lib/instance-detail-helper.js":{"path":"/Users/michael.rose/Software/mongodb/compass/compass/packages/data-service/lib/instance-detail-helper.js","statementMap":{"0":{"start":{"line":2,"column":14},"end":{"line":2,"column":30}},"1":{"start":{"line":3,"column":24},"end":{"line":3,"column":68}},"2":{"start":{"line":4,"column":13},"end":{"line":4,"column":34}},"3":{"start":{"line":5,"column":17},"end":{"line":5,"column":44}},"4":{"start":{"line":6,"column":23},"end":{"line":6,"column":56}},"5":{"start":{"line":7,"column":12},"end":{"line":7,"column":34}},"6":{"start":{"line":8,"column":28},"end":{"line":8,"column":57}},"7":{"start":{"line":9,"column":84},"end":{"line":9,"column":101}},"8":{"start":{"line":10,"column":14},"end":{"line":10,"column":77}},"9":{"start":{"line":12,"column":27},"end":{"line":12,"column":78}},"10":{"start":{"line":13,"column":4},"end":{"line":13,"column":30}},"11":{"start":{"line":16,"column":22},"end":{"line":16,"column":39}},"12":{"start":{"line":17,"column":17},"end":{"line":17,"column":80}},"13":{"start":{"line":18,"column":18},"end":{"line":18,"column":20}},"14":{"start":{"line":19,"column":4},"end":{"line":21,"column":7}},"15":{"start":{"line":20,"column":8},"end":{"line":20,"column":21}},"16":{"start":{"line":22,"column":4},"end":{"line":26,"column":7}},"17":{"start":{"line":23,"column":8},"end":{"line":25,"column":11}},"18":{"start":{"line":24,"column":12},"end":{"line":24,"column":30}},"19":{"start":{"line":27,"column":4},"end":{"line":27,"column":22}},"20":{"start":{"line":30,"column":4},"end":{"line":30,"column":32}},"21":{"start":{"line":31,"column":16},"end":{"line":47,"column":5}},"22":{"start":{"line":48,"column":4},"end":{"line":48,"column":15}},"23":{"start":{"line":51,"column":15},"end":{"line":51,"column":25}},"24":{"start":{"line":52,"column":4},"end":{"line":52,"column":46}},"25":{"start":{"line":53,"column":17},"end":{"line":55,"column":5}},"26":{"start":{"line":56,"column":20},"end":{"line":56,"column":65}},"27":{"start":{"line":57,"column":4},"end":{"line":64,"column":7}},"28":{"start":{"line":58,"column":8},"end":{"line":62,"column":9}},"29":{"start":{"line":59,"column":12},"end":{"line":59,"column":44}},"30":{"start":{"line":60,"column":12},"end":{"line":60,"column":38}},"31":{"start":{"line":61,"column":12},"end":{"line":61,"column":29}},"32":{"start":{"line":63,"column":8},"end":{"line":63,"column":40}},"33":{"start":{"line":67,"column":15},"end":{"line":67,"column":25}},"34":{"start":{"line":68,"column":17},"end":{"line":70,"column":5}},"35":{"start":{"line":71,"column":20},"end":{"line":71,"column":65}},"36":{"start":{"line":72,"column":4},"end":{"line":78,"column":7}},"37":{"start":{"line":73,"column":8},"end":{"line":76,"column":9}},"38":{"start":{"line":74,"column":12},"end":{"line":74,"column":49}},"39":{"start":{"line":75,"column":12},"end":{"line":75,"column":55}},"40":{"start":{"line":77,"column":8},"end":{"line":77,"column":24}},"41":{"start":{"line":81,"column":22},"end":{"line":81,"column":39}},"42":{"start":{"line":82,"column":24},"end":{"line":82,"column":43}},"43":{"start":{"line":83,"column":4},"end":{"line":83,"column":85}},"44":{"start":{"line":84,"column":38},"end":{"line":84,"column":99}},"45":{"start":{"line":85,"column":16},"end":{"line":88,"column":5}},"46":{"start":{"line":89,"column":4},"end":{"line":89,"column":20}},"47":{"start":{"line":92,"column":22},"end":{"line":92,"column":39}},"48":{"start":{"line":93,"column":4},"end":{"line":93,"column":70}},"49":{"start":{"line":94,"column":38},"end":{"line":94,"column":80}},"50":{"start":{"line":95,"column":16},"end":{"line":98,"column":5}},"51":{"start":{"line":99,"column":4},"end":{"line":99,"column":20}},"52":{"start":{"line":102,"column":4},"end":{"line":102,"column":30}},"53":{"start":{"line":103,"column":27},"end":{"line":103,"column":48}},"54":{"start":{"line":104,"column":23},"end":{"line":104,"column":40}},"55":{"start":{"line":105,"column":26},"end":{"line":105,"column":46}},"56":{"start":{"line":106,"column":4},"end":{"line":126,"column":6}},"57":{"start":{"line":129,"column":15},"end":{"line":129,"column":25}},"58":{"start":{"line":130,"column":17},"end":{"line":132,"column":5}},"59":{"start":{"line":133,"column":20},"end":{"line":133,"column":65}},"60":{"start":{"line":134,"column":4},"end":{"line":147,"column":7}},"61":{"start":{"line":135,"column":8},"end":{"line":145,"column":9}},"62":{"start":{"line":136,"column":12},"end":{"line":140,"column":13}},"63":{"start":{"line":137,"column":16},"end":{"line":137,"column":92}},"64":{"start":{"line":138,"column":16},"end":{"line":138,"column":31}},"65":{"start":{"line":139,"column":16},"end":{"line":139,"column":23}},"66":{"start":{"line":141,"column":12},"end":{"line":141,"column":39}},"67":{"start":{"line":142,"column":12},"end":{"line":142,"column":37}},"68":{"start":{"line":143,"column":12},"end":{"line":143,"column":22}},"69":{"start":{"line":144,"column":12},"end":{"line":144,"column":19}},"70":{"start":{"line":146,"column":8},"end":{"line":146,"column":39}},"71":{"start":{"line":150,"column":15},"end":{"line":150,"column":25}},"72":{"start":{"line":151,"column":21},"end":{"line":151,"column":37}},"73":{"start":{"line":152,"column":20},"end":{"line":156,"column":6}},"74":{"start":{"line":155,"column":8},"end":{"line":155,"column":32}},"75":{"start":{"line":157,"column":4},"end":{"line":159,"column":5}},"76":{"start":{"line":158,"column":8},"end":{"line":158,"column":23}},"77":{"start":{"line":160,"column":17},"end":{"line":162,"column":5}},"78":{"start":{"line":163,"column":20},"end":{"line":163,"column":48}},"79":{"start":{"line":164,"column":20},"end":{"line":164,"column":65}},"80":{"start":{"line":165,"column":4},"end":{"line":205,"column":7}},"81":{"start":{"line":166,"column":8},"end":{"line":196,"column":9}},"82":{"start":{"line":167,"column":12},"end":{"line":191,"column":13}},"83":{"start":{"line":168,"column":16},"end":{"line":189,"column":19}},"84":{"start":{"line":169,"column":20},"end":{"line":172,"column":21}},"85":{"start":{"line":170,"column":24},"end":{"line":170,"column":34}},"86":{"start":{"line":171,"column":24},"end":{"line":171,"column":31}},"87":{"start":{"line":173,"column":39},"end":{"line":173,"column":87}},"88":{"start":{"line":174,"column":20},"end":{"line":177,"column":21}},"89":{"start":{"line":175,"column":24},"end":{"line":175,"column":39}},"90":{"start":{"line":176,"column":24},"end":{"line":176,"column":31}},"91":{"start":{"line":178,"column":20},"end":{"line":188,"column":33}},"92":{"start":{"line":180,"column":24},"end":{"line":180,"column":75}},"93":{"start":{"line":183,"column":24},"end":{"line":183,"column":48}},"94":{"start":{"line":186,"column":24},"end":{"line":186,"column":55}},"95":{"start":{"line":190,"column":16},"end":{"line":190,"column":23}},"96":{"start":{"line":192,"column":12},"end":{"line":192,"column":47}},"97":{"start":{"line":193,"column":12},"end":{"line":193,"column":42}},"98":{"start":{"line":194,"column":12},"end":{"line":194,"column":22}},"99":{"start":{"line":195,"column":12},"end":{"line":195,"column":19}},"100":{"start":{"line":197,"column":22},"end":{"line":199,"column":10}},"101":{"start":{"line":198,"column":12},"end":{"line":198,"column":26}},"102":{"start":{"line":200,"column":8},"end":{"line":203,"column":11}},"103":{"start":{"line":204,"column":8},"end":{"line":204,"column":26}},"104":{"start":{"line":208,"column":4},"end":{"line":215,"column":6}},"105":{"start":{"line":218,"column":4},"end":{"line":221,"column":5}},"106":{"start":{"line":219,"column":8},"end":{"line":219,"column":20}},"107":{"start":{"line":220,"column":8},"end":{"line":220,"column":31}},"108":{"start":{"line":222,"column":17},"end":{"line":224,"column":5}},"109":{"start":{"line":225,"column":20},"end":{"line":225,"column":48}},"110":{"start":{"line":226,"column":4},"end":{"line":226,"column":47}},"111":{"start":{"line":227,"column":4},"end":{"line":237,"column":7}},"112":{"start":{"line":228,"column":8},"end":{"line":234,"column":9}},"113":{"start":{"line":229,"column":12},"end":{"line":229,"column":63}},"114":{"start":{"line":230,"column":12},"end":{"line":230,"column":21}},"115":{"start":{"line":233,"column":12},"end":{"line":233,"column":53}},"116":{"start":{"line":235,"column":8},"end":{"line":235,"column":32}},"117":{"start":{"line":236,"column":8},"end":{"line":236,"column":39}},"118":{"start":{"line":240,"column":15},"end":{"line":240,"column":25}},"119":{"start":{"line":241,"column":19},"end":{"line":241,"column":33}},"120":{"start":{"line":242,"column":20},"end":{"line":242,"column":74}},"121":{"start":{"line":243,"column":4},"end":{"line":246,"column":14}},"122":{"start":{"line":244,"column":23},"end":{"line":244,"column":61}},"123":{"start":{"line":245,"column":8},"end":{"line":245,"column":22}},"124":{"start":{"line":249,"column":15},"end":{"line":249,"column":25}},"125":{"start":{"line":250,"column":20},"end":{"line":250,"column":48}},"126":{"start":{"line":251,"column":4},"end":{"line":271,"column":7}},"127":{"start":{"line":255,"column":8},"end":{"line":257,"column":9}},"128":{"start":{"line":256,"column":12},"end":{"line":256,"column":29}},"129":{"start":{"line":258,"column":8},"end":{"line":262,"column":9}},"130":{"start":{"line":260,"column":12},"end":{"line":260,"column":65}},"131":{"start":{"line":261,"column":12},"end":{"line":261,"column":34}},"132":{"start":{"line":263,"column":21},"end":{"line":263,"column":55}},"133":{"start":{"line":264,"column":8},"end":{"line":270,"column":11}},"134":{"start":{"line":265,"column":12},"end":{"line":268,"column":13}},"135":{"start":{"line":266,"column":16},"end":{"line":266,"column":85}},"136":{"start":{"line":267,"column":16},"end":{"line":267,"column":38}},"137":{"start":{"line":269,"column":12},"end":{"line":269,"column":44}},"138":{"start":{"line":274,"column":21},"end":{"line":274,"column":37}},"139":{"start":{"line":275,"column":20},"end":{"line":279,"column":6}},"140":{"start":{"line":278,"column":8},"end":{"line":278,"column":27}},"141":{"start":{"line":280,"column":4},"end":{"line":284,"column":8}},"142":{"start":{"line":283,"column":8},"end":{"line":283,"column":27}},"143":{"start":{"line":285,"column":4},"end":{"line":285,"column":76}},"144":{"start":{"line":285,"column":42},"end":{"line":285,"column":73}},"145":{"start":{"line":288,"column":15},"end":{"line":288,"column":46}},"146":{"start":{"line":289,"column":4},"end":{"line":298,"column":6}},"147":{"start":{"line":301,"column":21},"end":{"line":301,"column":37}},"148":{"start":{"line":302,"column":27},"end":{"line":302,"column":48}},"149":{"start":{"line":303,"column":22},"end":{"line":310,"column":6}},"150":{"start":{"line":306,"column":8},"end":{"line":309,"column":10}},"151":{"start":{"line":311,"column":4},"end":{"line":320,"column":31}},"152":{"start":{"line":315,"column":8},"end":{"line":318,"column":10}},"153":{"start":{"line":320,"column":23},"end":{"line":320,"column":29}},"154":{"start":{"line":321,"column":4},"end":{"line":321,"column":66}},"155":{"start":{"line":321,"column":45},"end":{"line":321,"column":64}},"156":{"start":{"line":322,"column":4},"end":{"line":322,"column":52}},"157":{"start":{"line":323,"column":4},"end":{"line":323,"column":46}},"158":{"start":{"line":324,"column":4},"end":{"line":324,"column":28}},"159":{"start":{"line":327,"column":4},"end":{"line":329,"column":5}},"160":{"start":{"line":328,"column":8},"end":{"line":328,"column":21}},"161":{"start":{"line":330,"column":14},"end":{"line":330,"column":59}},"162":{"start":{"line":331,"column":4},"end":{"line":331,"column":59}},"163":{"start":{"line":334,"column":4},"end":{"line":334,"column":39}},"164":{"start":{"line":335,"column":17},"end":{"line":335,"column":19}},"165":{"start":{"line":336,"column":4},"end":{"line":351,"column":7}},"166":{"start":{"line":337,"column":8},"end":{"line":346,"column":9}},"167":{"start":{"line":338,"column":12},"end":{"line":342,"column":13}},"168":{"start":{"line":339,"column":16},"end":{"line":340,"column":58}},"169":{"start":{"line":341,"column":16},"end":{"line":341,"column":38}},"170":{"start":{"line":343,"column":12},"end":{"line":343,"column":49}},"171":{"start":{"line":344,"column":12},"end":{"line":344,"column":44}},"172":{"start":{"line":345,"column":12},"end":{"line":345,"column":29}},"173":{"start":{"line":347,"column":8},"end":{"line":350,"column":12}},"174":{"start":{"line":348,"column":12},"end":{"line":348,"column":35}},"175":{"start":{"line":349,"column":12},"end":{"line":349,"column":38}},"176":{"start":{"line":354,"column":22},"end":{"line":356,"column":37}},"177":{"start":{"line":356,"column":23},"end":{"line":356,"column":36}},"178":{"start":{"line":357,"column":4},"end":{"line":357,"column":52}},"179":{"start":{"line":357,"column":45},"end":{"line":357,"column":50}},"180":{"start":{"line":358,"column":4},"end":{"line":358,"column":28}},"181":{"start":{"line":361,"column":19},"end":{"line":361,"column":33}},"182":{"start":{"line":362,"column":22},"end":{"line":362,"column":39}},"183":{"start":{"line":363,"column":18},"end":{"line":365,"column":6}},"184":{"start":{"line":364,"column":8},"end":{"line":364,"column":70}},"185":{"start":{"line":366,"column":4},"end":{"line":372,"column":7}},"186":{"start":{"line":367,"column":8},"end":{"line":370,"column":9}},"187":{"start":{"line":368,"column":12},"end":{"line":368,"column":49}},"188":{"start":{"line":369,"column":12},"end":{"line":369,"column":29}},"189":{"start":{"line":371,"column":8},"end":{"line":371,"column":33}},"190":{"start":{"line":375,"column":22},"end":{"line":375,"column":39}},"191":{"start":{"line":376,"column":24},"end":{"line":378,"column":6}},"192":{"start":{"line":377,"column":8},"end":{"line":377,"column":35}},"193":{"start":{"line":379,"column":4},"end":{"line":381,"column":7}},"194":{"start":{"line":380,"column":8},"end":{"line":380,"column":52}},"195":{"start":{"line":382,"column":4},"end":{"line":382,"column":11}},"196":{"start":{"line":385,"column":4},"end":{"line":385,"column":25}},"197":{"start":{"line":388,"column":18},"end":{"line":417,"column":5}},"198":{"start":{"line":418,"column":4},"end":{"line":432,"column":7}},"199":{"start":{"line":419,"column":8},"end":{"line":421,"column":9}},"200":{"start":{"line":420,"column":12},"end":{"line":420,"column":29}},"201":{"start":{"line":422,"column":8},"end":{"line":430,"column":11}},"202":{"start":{"line":431,"column":8},"end":{"line":431,"column":35}},"203":{"start":{"line":435,"column":4},"end":{"line":455,"column":7}},"204":{"start":{"line":436,"column":8},"end":{"line":438,"column":9}},"205":{"start":{"line":437,"column":12},"end":{"line":437,"column":29}},"206":{"start":{"line":441,"column":8},"end":{"line":445,"column":9}},"207":{"start":{"line":442,"column":12},"end":{"line":442,"column":93}},"208":{"start":{"line":443,"column":12},"end":{"line":443,"column":46}},"209":{"start":{"line":444,"column":12},"end":{"line":444,"column":54}},"210":{"start":{"line":446,"column":8},"end":{"line":451,"column":9}},"211":{"start":{"line":447,"column":12},"end":{"line":447,"column":55}},"212":{"start":{"line":448,"column":12},"end":{"line":450,"column":13}},"213":{"start":{"line":449,"column":16},"end":{"line":449,"column":51}},"214":{"start":{"line":452,"column":8},"end":{"line":452,"column":45}},"215":{"start":{"line":453,"column":8},"end":{"line":453,"column":45}},"216":{"start":{"line":454,"column":8},"end":{"line":454,"column":24}},"217":{"start":{"line":457,"column":0},"end":{"line":469,"column":2}}},"fnMap":{"0":{"name":"getReadPreferenceOptions","decl":{"start":{"line":11,"column":9},"end":{"line":11,"column":33}},"loc":{"start":{"line":11,"column":38},"end":{"line":14,"column":1}},"line":11},"1":{"name":"getStats","decl":{"start":{"line":15,"column":9},"end":{"line":15,"column":17}},"loc":{"start":{"line":15,"column":33},"end":{"line":28,"column":1}},"line":15},"2":{"name":"(anonymous_2)","decl":{"start":{"line":19,"column":13},"end":{"line":19,"column":14}},"loc":{"start":{"line":19,"column":26},"end":{"line":21,"column":5}},"line":19},"3":{"name":"(anonymous_3)","decl":{"start":{"line":22,"column":18},"end":{"line":22,"column":19}},"loc":{"start":{"line":22,"column":32},"end":{"line":26,"column":5}},"line":22},"4":{"name":"(anonymous_4)","decl":{"start":{"line":23,"column":17},"end":{"line":23,"column":18}},"loc":{"start":{"line":23,"column":30},"end":{"line":25,"column":9}},"line":23},"5":{"name":"parseBuildInfo","decl":{"start":{"line":29,"column":9},"end":{"line":29,"column":23}},"loc":{"start":{"line":29,"column":35},"end":{"line":49,"column":1}},"line":29},"6":{"name":"getBuildInfo","decl":{"start":{"line":50,"column":9},"end":{"line":50,"column":21}},"loc":{"start":{"line":50,"column":37},"end":{"line":65,"column":1}},"line":50},"7":{"name":"(anonymous_7)","decl":{"start":{"line":57,"column":56},"end":{"line":57,"column":57}},"loc":{"start":{"line":57,"column":76},"end":{"line":64,"column":5}},"line":57},"8":{"name":"getCmdLineOpts","decl":{"start":{"line":66,"column":9},"end":{"line":66,"column":23}},"loc":{"start":{"line":66,"column":39},"end":{"line":79,"column":1}},"line":66},"9":{"name":"(anonymous_9)","decl":{"start":{"line":72,"column":56},"end":{"line":72,"column":57}},"loc":{"start":{"line":72,"column":76},"end":{"line":78,"column":5}},"line":72},"10":{"name":"getGenuineMongoDB","decl":{"start":{"line":80,"column":9},"end":{"line":80,"column":26}},"loc":{"start":{"line":80,"column":42},"end":{"line":90,"column":1}},"line":80},"11":{"name":"getDataLake","decl":{"start":{"line":91,"column":9},"end":{"line":91,"column":20}},"loc":{"start":{"line":91,"column":36},"end":{"line":100,"column":1}},"line":91},"12":{"name":"parseHostInfo","decl":{"start":{"line":101,"column":9},"end":{"line":101,"column":22}},"loc":{"start":{"line":101,"column":33},"end":{"line":127,"column":1}},"line":101},"13":{"name":"getHostInfo","decl":{"start":{"line":128,"column":9},"end":{"line":128,"column":20}},"loc":{"start":{"line":128,"column":36},"end":{"line":148,"column":1}},"line":128},"14":{"name":"(anonymous_14)","decl":{"start":{"line":134,"column":56},"end":{"line":134,"column":57}},"loc":{"start":{"line":134,"column":76},"end":{"line":147,"column":5}},"line":134},"15":{"name":"listDatabases","decl":{"start":{"line":149,"column":9},"end":{"line":149,"column":22}},"loc":{"start":{"line":149,"column":38},"end":{"line":206,"column":1}},"line":149},"16":{"name":"(anonymous_16)","decl":{"start":{"line":154,"column":16},"end":{"line":154,"column":17}},"loc":{"start":{"line":154,"column":36},"end":{"line":156,"column":5}},"line":154},"17":{"name":"(anonymous_17)","decl":{"start":{"line":165,"column":35},"end":{"line":165,"column":36}},"loc":{"start":{"line":165,"column":55},"end":{"line":205,"column":5}},"line":165},"18":{"name":"(anonymous_18)","decl":{"start":{"line":168,"column":85},"end":{"line":168,"column":86}},"loc":{"start":{"line":168,"column":105},"end":{"line":189,"column":17}},"line":168},"19":{"name":"(anonymous_19)","decl":{"start":{"line":179,"column":32},"end":{"line":179,"column":33}},"loc":{"start":{"line":179,"column":48},"end":{"line":181,"column":21}},"line":179},"20":{"name":"(anonymous_20)","decl":{"start":{"line":182,"column":29},"end":{"line":182,"column":30}},"loc":{"start":{"line":182,"column":45},"end":{"line":184,"column":21}},"line":182},"21":{"name":"(anonymous_21)","decl":{"start":{"line":185,"column":32},"end":{"line":185,"column":33}},"loc":{"start":{"line":185,"column":56},"end":{"line":187,"column":21}},"line":185},"22":{"name":"(anonymous_22)","decl":{"start":{"line":197,"column":40},"end":{"line":197,"column":41}},"loc":{"start":{"line":197,"column":53},"end":{"line":199,"column":9}},"line":197},"23":{"name":"parseDatabase","decl":{"start":{"line":207,"column":9},"end":{"line":207,"column":22}},"loc":{"start":{"line":207,"column":29},"end":{"line":216,"column":1}},"line":207},"24":{"name":"getDatabase","decl":{"start":{"line":217,"column":9},"end":{"line":217,"column":20}},"loc":{"start":{"line":217,"column":45},"end":{"line":238,"column":1}},"line":217},"25":{"name":"(anonymous_25)","decl":{"start":{"line":227,"column":43},"end":{"line":227,"column":44}},"loc":{"start":{"line":227,"column":63},"end":{"line":237,"column":5}},"line":227},"26":{"name":"getDatabases","decl":{"start":{"line":239,"column":9},"end":{"line":239,"column":21}},"loc":{"start":{"line":239,"column":37},"end":{"line":247,"column":1}},"line":239},"27":{"name":"(anonymous_27)","decl":{"start":{"line":243,"column":32},"end":{"line":243,"column":33}},"loc":{"start":{"line":243,"column":48},"end":{"line":246,"column":5}},"line":243},"28":{"name":"getUserInfo","decl":{"start":{"line":248,"column":9},"end":{"line":248,"column":20}},"loc":{"start":{"line":248,"column":36},"end":{"line":272,"column":1}},"line":248},"29":{"name":"(anonymous_29)","decl":{"start":{"line":254,"column":16},"end":{"line":254,"column":17}},"loc":{"start":{"line":254,"column":36},"end":{"line":271,"column":5}},"line":254},"30":{"name":"(anonymous_30)","decl":{"start":{"line":264,"column":71},"end":{"line":264,"column":72}},"loc":{"start":{"line":264,"column":93},"end":{"line":270,"column":9}},"line":264},"31":{"name":"getAllowedDatabases","decl":{"start":{"line":273,"column":9},"end":{"line":273,"column":28}},"loc":{"start":{"line":273,"column":44},"end":{"line":286,"column":1}},"line":273},"32":{"name":"(anonymous_32)","decl":{"start":{"line":277,"column":13},"end":{"line":277,"column":14}},"loc":{"start":{"line":277,"column":33},"end":{"line":279,"column":5}},"line":277},"33":{"name":"(anonymous_33)","decl":{"start":{"line":282,"column":13},"end":{"line":282,"column":14}},"loc":{"start":{"line":282,"column":33},"end":{"line":284,"column":5}},"line":282},"34":{"name":"(anonymous_34)","decl":{"start":{"line":285,"column":32},"end":{"line":285,"column":33}},"loc":{"start":{"line":285,"column":42},"end":{"line":285,"column":73}},"line":285},"35":{"name":"parseCollection","decl":{"start":{"line":287,"column":9},"end":{"line":287,"column":24}},"loc":{"start":{"line":287,"column":31},"end":{"line":299,"column":1}},"line":287},"36":{"name":"getAllowedCollections","decl":{"start":{"line":300,"column":9},"end":{"line":300,"column":30}},"loc":{"start":{"line":300,"column":46},"end":{"line":325,"column":1}},"line":300},"37":{"name":"(anonymous_37)","decl":{"start":{"line":305,"column":13},"end":{"line":305,"column":14}},"loc":{"start":{"line":305,"column":33},"end":{"line":310,"column":5}},"line":305},"38":{"name":"(anonymous_38)","decl":{"start":{"line":314,"column":13},"end":{"line":314,"column":14}},"loc":{"start":{"line":314,"column":33},"end":{"line":319,"column":5}},"line":314},"39":{"name":"(anonymous_39)","decl":{"start":{"line":320,"column":16},"end":{"line":320,"column":17}},"loc":{"start":{"line":320,"column":23},"end":{"line":320,"column":29}},"line":320},"40":{"name":"(anonymous_40)","decl":{"start":{"line":321,"column":38},"end":{"line":321,"column":39}},"loc":{"start":{"line":321,"column":45},"end":{"line":321,"column":64}},"line":321},"41":{"name":"isMongosLocalException","decl":{"start":{"line":326,"column":9},"end":{"line":326,"column":31}},"loc":{"start":{"line":326,"column":37},"end":{"line":332,"column":1}},"line":326},"42":{"name":"getDatabaseCollections","decl":{"start":{"line":333,"column":9},"end":{"line":333,"column":31}},"loc":{"start":{"line":333,"column":42},"end":{"line":352,"column":1}},"line":333},"43":{"name":"(anonymous_43)","decl":{"start":{"line":336,"column":67},"end":{"line":336,"column":68}},"loc":{"start":{"line":336,"column":87},"end":{"line":351,"column":5}},"line":336},"44":{"name":"(anonymous_44)","decl":{"start":{"line":347,"column":28},"end":{"line":347,"column":29}},"loc":{"start":{"line":347,"column":41},"end":{"line":350,"column":9}},"line":347},"45":{"name":"getCollections","decl":{"start":{"line":353,"column":9},"end":{"line":353,"column":23}},"loc":{"start":{"line":353,"column":39},"end":{"line":359,"column":1}},"line":353},"46":{"name":"(anonymous_46)","decl":{"start":{"line":356,"column":16},"end":{"line":356,"column":17}},"loc":{"start":{"line":356,"column":23},"end":{"line":356,"column":36}},"line":356},"47":{"name":"(anonymous_47)","decl":{"start":{"line":357,"column":38},"end":{"line":357,"column":39}},"loc":{"start":{"line":357,"column":45},"end":{"line":357,"column":50}},"line":357},"48":{"name":"listCollections","decl":{"start":{"line":360,"column":9},"end":{"line":360,"column":24}},"loc":{"start":{"line":360,"column":40},"end":{"line":373,"column":1}},"line":360},"49":{"name":"(anonymous_49)","decl":{"start":{"line":363,"column":33},"end":{"line":363,"column":34}},"loc":{"start":{"line":363,"column":48},"end":{"line":365,"column":5}},"line":363},"50":{"name":"(anonymous_50)","decl":{"start":{"line":366,"column":26},"end":{"line":366,"column":27}},"loc":{"start":{"line":366,"column":46},"end":{"line":372,"column":5}},"line":366},"51":{"name":"getHierarchy","decl":{"start":{"line":374,"column":9},"end":{"line":374,"column":21}},"loc":{"start":{"line":374,"column":37},"end":{"line":383,"column":1}},"line":374},"52":{"name":"(anonymous_52)","decl":{"start":{"line":376,"column":53},"end":{"line":376,"column":54}},"loc":{"start":{"line":376,"column":75},"end":{"line":378,"column":5}},"line":376},"53":{"name":"(anonymous_53)","decl":{"start":{"line":379,"column":23},"end":{"line":379,"column":24}},"loc":{"start":{"line":379,"column":37},"end":{"line":381,"column":5}},"line":379},"54":{"name":"attach","decl":{"start":{"line":384,"column":9},"end":{"line":384,"column":15}},"loc":{"start":{"line":384,"column":32},"end":{"line":386,"column":1}},"line":384},"55":{"name":"getInstanceDetail","decl":{"start":{"line":387,"column":9},"end":{"line":387,"column":26}},"loc":{"start":{"line":387,"column":45},"end":{"line":433,"column":1}},"line":387},"56":{"name":"(anonymous_56)","decl":{"start":{"line":418,"column":22},"end":{"line":418,"column":23}},"loc":{"start":{"line":418,"column":46},"end":{"line":432,"column":5}},"line":418},"57":{"name":"getInstance","decl":{"start":{"line":434,"column":9},"end":{"line":434,"column":20}},"loc":{"start":{"line":434,"column":39},"end":{"line":456,"column":1}},"line":434},"58":{"name":"(anonymous_58)","decl":{"start":{"line":435,"column":34},"end":{"line":435,"column":35}},"loc":{"start":{"line":435,"column":54},"end":{"line":455,"column":5}},"line":435}},"branchMap":{"0":{"loc":{"start":{"line":12,"column":27},"end":{"line":12,"column":78}},"type":"cond-expr","locations":[{"start":{"line":12,"column":34},"end":{"line":12,"column":53}},{"start":{"line":12,"column":56},"end":{"line":12,"column":78}}],"line":12},"1":{"loc":{"start":{"line":30,"column":16},"end":{"line":30,"column":31}},"type":"binary-expr","locations":[{"start":{"line":30,"column":16},"end":{"line":30,"column":25}},{"start":{"line":30,"column":29},"end":{"line":30,"column":31}}],"line":30},"2":{"loc":{"start":{"line":34,"column":20},"end":{"line":36,"column":16}},"type":"cond-expr","locations":[{"start":{"line":35,"column":14},"end":{"line":35,"column":79}},{"start":{"line":36,"column":14},"end":{"line":36,"column":16}}],"line":34},"3":{"loc":{"start":{"line":45,"column":22},"end":{"line":45,"column":74}},"type":"cond-expr","locations":[{"start":{"line":45,"column":46},"end":{"line":45,"column":67}},{"start":{"line":45,"column":70},"end":{"line":45,"column":74}}],"line":45},"4":{"loc":{"start":{"line":56,"column":20},"end":{"line":56,"column":65}},"type":"cond-expr","locations":[{"start":{"line":56,"column":50},"end":{"line":56,"column":52}},{"start":{"line":56,"column":55},"end":{"line":56,"column":65}}],"line":56},"5":{"loc":{"start":{"line":58,"column":8},"end":{"line":62,"column":9}},"type":"if","locations":[{"start":{"line":58,"column":8},"end":{"line":62,"column":9}},{"start":{"line":58,"column":8},"end":{"line":62,"column":9}}],"line":58},"6":{"loc":{"start":{"line":71,"column":20},"end":{"line":71,"column":65}},"type":"cond-expr","locations":[{"start":{"line":71,"column":50},"end":{"line":71,"column":52}},{"start":{"line":71,"column":55},"end":{"line":71,"column":65}}],"line":71},"7":{"loc":{"start":{"line":73,"column":8},"end":{"line":76,"column":9}},"type":"if","locations":[{"start":{"line":73,"column":8},"end":{"line":76,"column":9}},{"start":{"line":73,"column":8},"end":{"line":76,"column":9}}],"line":73},"8":{"loc":{"start":{"line":102,"column":15},"end":{"line":102,"column":29}},"type":"binary-expr","locations":[{"start":{"line":102,"column":15},"end":{"line":102,"column":23}},{"start":{"line":102,"column":27},"end":{"line":102,"column":29}}],"line":102},"9":{"loc":{"start":{"line":103,"column":27},"end":{"line":103,"column":48}},"type":"binary-expr","locations":[{"start":{"line":103,"column":27},"end":{"line":103,"column":42}},{"start":{"line":103,"column":46},"end":{"line":103,"column":48}}],"line":103},"10":{"loc":{"start":{"line":104,"column":23},"end":{"line":104,"column":40}},"type":"binary-expr","locations":[{"start":{"line":104,"column":23},"end":{"line":104,"column":34}},{"start":{"line":104,"column":38},"end":{"line":104,"column":40}}],"line":104},"11":{"loc":{"start":{"line":105,"column":26},"end":{"line":105,"column":46}},"type":"binary-expr","locations":[{"start":{"line":105,"column":26},"end":{"line":105,"column":40}},{"start":{"line":105,"column":44},"end":{"line":105,"column":46}}],"line":105},"12":{"loc":{"start":{"line":108,"column":18},"end":{"line":108,"column":54}},"type":"binary-expr","locations":[{"start":{"line":108,"column":18},"end":{"line":108,"column":41}},{"start":{"line":108,"column":45},"end":{"line":108,"column":54}}],"line":108},"13":{"loc":{"start":{"line":110,"column":20},"end":{"line":110,"column":48}},"type":"binary-expr","locations":[{"start":{"line":110,"column":20},"end":{"line":110,"column":35}},{"start":{"line":110,"column":39},"end":{"line":110,"column":48}}],"line":110},"14":{"loc":{"start":{"line":113,"column":22},"end":{"line":113,"column":51}},"type":"binary-expr","locations":[{"start":{"line":113,"column":22},"end":{"line":113,"column":46}},{"start":{"line":113,"column":50},"end":{"line":113,"column":51}}],"line":113},"15":{"loc":{"start":{"line":119,"column":24},"end":{"line":119,"column":58}},"type":"binary-expr","locations":[{"start":{"line":119,"column":24},"end":{"line":119,"column":53}},{"start":{"line":119,"column":57},"end":{"line":119,"column":58}}],"line":119},"16":{"loc":{"start":{"line":133,"column":20},"end":{"line":133,"column":65}},"type":"cond-expr","locations":[{"start":{"line":133,"column":50},"end":{"line":133,"column":52}},{"start":{"line":133,"column":55},"end":{"line":133,"column":65}}],"line":133},"17":{"loc":{"start":{"line":135,"column":8},"end":{"line":145,"column":9}},"type":"if","locations":[{"start":{"line":135,"column":8},"end":{"line":145,"column":9}},{"start":{"line":135,"column":8},"end":{"line":145,"column":9}}],"line":135},"18":{"loc":{"start":{"line":136,"column":12},"end":{"line":140,"column":13}},"type":"if","locations":[{"start":{"line":136,"column":12},"end":{"line":140,"column":13}},{"start":{"line":136,"column":12},"end":{"line":140,"column":13}}],"line":136},"19":{"loc":{"start":{"line":157,"column":4},"end":{"line":159,"column":5}},"type":"if","locations":[{"start":{"line":157,"column":4},"end":{"line":159,"column":5}},{"start":{"line":157,"column":4},"end":{"line":159,"column":5}}],"line":157},"20":{"loc":{"start":{"line":164,"column":20},"end":{"line":164,"column":65}},"type":"cond-expr","locations":[{"start":{"line":164,"column":50},"end":{"line":164,"column":52}},{"start":{"line":164,"column":55},"end":{"line":164,"column":65}}],"line":164},"21":{"loc":{"start":{"line":166,"column":8},"end":{"line":196,"column":9}},"type":"if","locations":[{"start":{"line":166,"column":8},"end":{"line":196,"column":9}},{"start":{"line":166,"column":8},"end":{"line":196,"column":9}}],"line":166},"22":{"loc":{"start":{"line":167,"column":12},"end":{"line":191,"column":13}},"type":"if","locations":[{"start":{"line":167,"column":12},"end":{"line":191,"column":13}},{"start":{"line":167,"column":12},"end":{"line":191,"column":13}}],"line":167},"23":{"loc":{"start":{"line":169,"column":20},"end":{"line":172,"column":21}},"type":"if","locations":[{"start":{"line":169,"column":20},"end":{"line":172,"column":21}},{"start":{"line":169,"column":20},"end":{"line":172,"column":21}}],"line":169},"24":{"loc":{"start":{"line":173,"column":40},"end":{"line":173,"column":58}},"type":"binary-expr","locations":[{"start":{"line":173,"column":40},"end":{"line":173,"column":52}},{"start":{"line":173,"column":56},"end":{"line":173,"column":58}}],"line":173},"25":{"loc":{"start":{"line":174,"column":20},"end":{"line":177,"column":21}},"type":"if","locations":[{"start":{"line":174,"column":20},"end":{"line":177,"column":21}},{"start":{"line":174,"column":20},"end":{"line":177,"column":21}}],"line":174},"26":{"loc":{"start":{"line":180,"column":32},"end":{"line":180,"column":62}},"type":"binary-expr","locations":[{"start":{"line":180,"column":32},"end":{"line":180,"column":56}},{"start":{"line":180,"column":60},"end":{"line":180,"column":62}}],"line":180},"27":{"loc":{"start":{"line":180,"column":33},"end":{"line":180,"column":52}},"type":"binary-expr","locations":[{"start":{"line":180,"column":33},"end":{"line":180,"column":46}},{"start":{"line":180,"column":50},"end":{"line":180,"column":52}}],"line":180},"28":{"loc":{"start":{"line":211,"column":24},"end":{"line":211,"column":41}},"type":"binary-expr","locations":[{"start":{"line":211,"column":24},"end":{"line":211,"column":36}},{"start":{"line":211,"column":40},"end":{"line":211,"column":41}}],"line":211},"29":{"loc":{"start":{"line":212,"column":22},"end":{"line":212,"column":43}},"type":"binary-expr","locations":[{"start":{"line":212,"column":22},"end":{"line":212,"column":38}},{"start":{"line":212,"column":42},"end":{"line":212,"column":43}}],"line":212},"30":{"loc":{"start":{"line":213,"column":21},"end":{"line":213,"column":38}},"type":"binary-expr","locations":[{"start":{"line":213,"column":21},"end":{"line":213,"column":33}},{"start":{"line":213,"column":37},"end":{"line":213,"column":38}}],"line":213},"31":{"loc":{"start":{"line":214,"column":20},"end":{"line":214,"column":39}},"type":"binary-expr","locations":[{"start":{"line":214,"column":20},"end":{"line":214,"column":34}},{"start":{"line":214,"column":38},"end":{"line":214,"column":39}}],"line":214},"32":{"loc":{"start":{"line":218,"column":4},"end":{"line":221,"column":5}},"type":"if","locations":[{"start":{"line":218,"column":4},"end":{"line":221,"column":5}},{"start":{"line":218,"column":4},"end":{"line":221,"column":5}}],"line":218},"33":{"loc":{"start":{"line":228,"column":8},"end":{"line":234,"column":9}},"type":"if","locations":[{"start":{"line":228,"column":8},"end":{"line":234,"column":9}},{"start":{"line":228,"column":8},"end":{"line":234,"column":9}}],"line":228},"34":{"loc":{"start":{"line":235,"column":17},"end":{"line":235,"column":31}},"type":"binary-expr","locations":[{"start":{"line":235,"column":17},"end":{"line":235,"column":23}},{"start":{"line":235,"column":27},"end":{"line":235,"column":31}}],"line":235},"35":{"loc":{"start":{"line":255,"column":8},"end":{"line":257,"column":9}},"type":"if","locations":[{"start":{"line":255,"column":8},"end":{"line":257,"column":9}},{"start":{"line":255,"column":8},"end":{"line":257,"column":9}}],"line":255},"36":{"loc":{"start":{"line":258,"column":8},"end":{"line":262,"column":9}},"type":"if","locations":[{"start":{"line":258,"column":8},"end":{"line":262,"column":9}},{"start":{"line":258,"column":8},"end":{"line":262,"column":9}}],"line":258},"37":{"loc":{"start":{"line":258,"column":12},"end":{"line":259,"column":47}},"type":"binary-expr","locations":[{"start":{"line":258,"column":12},"end":{"line":258,"column":52}},{"start":{"line":259,"column":12},"end":{"line":259,"column":47}}],"line":258},"38":{"loc":{"start":{"line":265,"column":12},"end":{"line":268,"column":13}},"type":"if","locations":[{"start":{"line":265,"column":12},"end":{"line":268,"column":13}},{"start":{"line":265,"column":12},"end":{"line":268,"column":13}}],"line":265},"39":{"loc":{"start":{"line":269,"column":23},"end":{"line":269,"column":42}},"type":"binary-expr","locations":[{"start":{"line":269,"column":23},"end":{"line":269,"column":36}},{"start":{"line":269,"column":40},"end":{"line":269,"column":42}}],"line":269},"40":{"loc":{"start":{"line":285,"column":42},"end":{"line":285,"column":73}},"type":"binary-expr","locations":[{"start":{"line":285,"column":42},"end":{"line":285,"column":43}},{"start":{"line":285,"column":47},"end":{"line":285,"column":73}}],"line":285},"41":{"loc":{"start":{"line":327,"column":4},"end":{"line":329,"column":5}},"type":"if","locations":[{"start":{"line":327,"column":4},"end":{"line":329,"column":5}},{"start":{"line":327,"column":4},"end":{"line":329,"column":5}}],"line":327},"42":{"loc":{"start":{"line":330,"column":14},"end":{"line":330,"column":59}},"type":"binary-expr","locations":[{"start":{"line":330,"column":14},"end":{"line":330,"column":25}},{"start":{"line":330,"column":29},"end":{"line":330,"column":36}},{"start":{"line":330,"column":40},"end":{"line":330,"column":59}}],"line":330},"43":{"loc":{"start":{"line":337,"column":8},"end":{"line":346,"column":9}},"type":"if","locations":[{"start":{"line":337,"column":8},"end":{"line":346,"column":9}},{"start":{"line":337,"column":8},"end":{"line":346,"column":9}}],"line":337},"44":{"loc":{"start":{"line":338,"column":12},"end":{"line":342,"column":13}},"type":"if","locations":[{"start":{"line":338,"column":12},"end":{"line":342,"column":13}},{"start":{"line":338,"column":12},"end":{"line":342,"column":13}}],"line":338},"45":{"loc":{"start":{"line":338,"column":16},"end":{"line":338,"column":67}},"type":"binary-expr","locations":[{"start":{"line":338,"column":16},"end":{"line":338,"column":36}},{"start":{"line":338,"column":40},"end":{"line":338,"column":67}}],"line":338},"46":{"loc":{"start":{"line":367,"column":8},"end":{"line":370,"column":9}},"type":"if","locations":[{"start":{"line":367,"column":8},"end":{"line":370,"column":9}},{"start":{"line":367,"column":8},"end":{"line":370,"column":9}}],"line":367},"47":{"loc":{"start":{"line":380,"column":25},"end":{"line":380,"column":51}},"type":"binary-expr","locations":[{"start":{"line":380,"column":25},"end":{"line":380,"column":45}},{"start":{"line":380,"column":49},"end":{"line":380,"column":51}}],"line":380},"48":{"loc":{"start":{"line":419,"column":8},"end":{"line":421,"column":9}},"type":"if","locations":[{"start":{"line":419,"column":8},"end":{"line":421,"column":9}},{"start":{"line":419,"column":8},"end":{"line":421,"column":9}}],"line":419},"49":{"loc":{"start":{"line":436,"column":8},"end":{"line":438,"column":9}},"type":"if","locations":[{"start":{"line":436,"column":8},"end":{"line":438,"column":9}},{"start":{"line":436,"column":8},"end":{"line":438,"column":9}}],"line":436},"50":{"loc":{"start":{"line":441,"column":8},"end":{"line":445,"column":9}},"type":"if","locations":[{"start":{"line":441,"column":8},"end":{"line":445,"column":9}},{"start":{"line":441,"column":8},"end":{"line":445,"column":9}}],"line":441},"51":{"loc":{"start":{"line":446,"column":8},"end":{"line":451,"column":9}},"type":"if","locations":[{"start":{"line":446,"column":8},"end":{"line":451,"column":9}},{"start":{"line":446,"column":8},"end":{"line":451,"column":9}}],"line":446},"52":{"loc":{"start":{"line":448,"column":12},"end":{"line":450,"column":13}},"type":"if","locations":[{"start":{"line":448,"column":12},"end":{"line":450,"column":13}},{"start":{"line":448,"column":12},"end":{"line":450,"column":13}}],"line":448}},"s":{"0":1,"1":1,"2":1,"3":1,"4":1,"5":1,"6":1,"7":1,"8":1,"9":79,"10":79,"11":4,"12":4,"13":4,"14":4,"15":16,"16":4,"17":16,"18":64,"19":4,"20":10,"21":10,"22":10,"23":11,"24":11,"25":11,"26":11,"27":11,"28":11,"29":1,"30":1,"31":1,"32":10,"33":7,"34":7,"35":7,"36":7,"37":7,"38":1,"39":1,"40":6,"41":8,"42":8,"43":8,"44":8,"45":8,"46":8,"47":6,"48":6,"49":6,"50":6,"51":6,"52":5,"53":5,"54":5,"55":5,"56":5,"57":7,"58":7,"59":7,"60":7,"61":7,"62":2,"63":1,"64":1,"65":1,"66":1,"67":1,"68":1,"69":1,"70":5,"71":8,"72":8,"73":8,"74":0,"75":8,"76":0,"77":8,"78":8,"79":8,"80":8,"81":8,"82":2,"83":1,"84":1,"85":0,"86":0,"87":1,"88":1,"89":1,"90":1,"91":0,"92":0,"93":0,"94":0,"95":1,"96":1,"97":1,"98":1,"99":1,"100":6,"101":16,"102":6,"103":6,"104":16,"105":16,"106":0,"107":0,"108":16,"109":16,"110":16,"111":16,"112":16,"113":0,"114":0,"115":16,"116":16,"117":16,"118":4,"119":4,"120":4,"121":4,"122":16,"123":16,"124":4,"125":4,"126":4,"127":4,"128":0,"129":4,"130":4,"131":4,"132":0,"133":0,"134":0,"135":0,"136":0,"137":0,"138":7,"139":7,"140":16,"141":7,"142":18,"143":7,"144":34,"145":38,"146":38,"147":7,"148":7,"149":7,"150":17,"151":7,"152":18,"153":35,"154":7,"155":27,"156":7,"157":7,"158":7,"159":1,"160":0,"161":1,"162":1,"163":26,"164":26,"165":26,"166":26,"167":2,"168":1,"169":1,"170":1,"171":1,"172":1,"173":24,"174":24,"175":24,"176":4,"177":20,"178":4,"179":20,"180":4,"181":6,"182":6,"183":6,"184":24,"185":6,"186":6,"187":0,"188":0,"189":6,"190":4,"191":4,"192":20,"193":4,"194":16,"195":4,"196":8,"197":4,"198":4,"199":4,"200":0,"201":4,"202":4,"203":4,"204":4,"205":0,"206":4,"207":0,"208":0,"209":0,"210":4,"211":4,"212":4,"213":4,"214":4,"215":4,"216":4,"217":1},"f":{"0":79,"1":4,"2":16,"3":16,"4":64,"5":10,"6":11,"7":11,"8":7,"9":7,"10":8,"11":6,"12":5,"13":7,"14":7,"15":8,"16":0,"17":8,"18":1,"19":0,"20":0,"21":0,"22":16,"23":16,"24":16,"25":16,"26":4,"27":16,"28":4,"29":4,"30":0,"31":7,"32":16,"33":18,"34":34,"35":38,"36":7,"37":17,"38":18,"39":35,"40":27,"41":1,"42":26,"43":26,"44":24,"45":4,"46":20,"47":20,"48":6,"49":24,"50":6,"51":4,"52":20,"53":16,"54":8,"55":4,"56":4,"57":4,"58":4},"b":{"0":[53,26],"1":[10,0],"2":[6,4],"3":[1,9],"4":[0,11],"5":[1,10],"6":[0,7],"7":[1,6],"8":[5,0],"9":[5,1],"10":[5,1],"11":[5,1],"12":[5,1],"13":[5,1],"14":[5,1],"15":[5,1],"16":[0,7],"17":[2,5],"18":[1,1],"19":[0,8],"20":[0,8],"21":[2,6],"22":[1,1],"23":[0,1],"24":[1,1],"25":[1,0],"26":[0,0],"27":[0,0],"28":[16,7],"29":[16,0],"30":[16,0],"31":[16,0],"32":[0,16],"33":[0,16],"34":[16,0],"35":[0,4],"36":[4,0],"37":[4,4],"38":[0,0],"39":[0,0],"40":[34,34],"41":[0,1],"42":[1,0,0],"43":[2,24],"44":[1,1],"45":[2,1],"46":[0,6],"47":[16,0],"48":[0,4],"49":[0,4],"50":[0,4],"51":[4,0],"52":[4,0]},"inputSourceMap":{"version":3,"file":"/Users/michael.rose/Software/mongodb/compass/compass/packages/data-service/lib/instance-detail-helper.js","sources":["/Users/michael.rose/Software/mongodb/compass/compass/packages/data-service/lib/instance-detail-helper.js"],"names":[],"mappings":"AAAA,YAAY,CAAC;AACb,MAAM,KAAK,GAAG,OAAO,CAAC,OAAO,CAAC,CAAC;AAC/B,MAAM,eAAe,GAAG,OAAO,CAAC,mBAAmB,CAAC,CAAC,eAAe,CAAC;AACrE,MAAM,IAAI,GAAG,OAAO,CAAC,YAAY,CAAC,CAAC;AACnC,MAAM,QAAQ,GAAG,OAAO,CAAC,kBAAkB,CAAC,CAAC;AAC7C,MAAM,cAAc,GAAG,OAAO,CAAC,SAAS,CAAC,CAAC,cAAc,CAAC;AACzD,MAAM,GAAG,GAAG,OAAO,CAAC,aAAa,CAAC,CAAC;AACnC,MAAM,mBAAmB,GAAG,OAAO,CAAC,oBAAoB,CAAC,CAAC;AAC1D,MAAM,EAAE,KAAK,EAAE,GAAG,EAAE,OAAO,EAAE,GAAG,EAAE,GAAG,EAAE,MAAM,EAAE,OAAO,EAAE,OAAO,EAAE,OAAO,EAAE,IAAI,GAAG,GAAG,OAAO,CAAC,QAAQ,CAAC,CAAC;AACtG,MAAM,KAAK,GAAG,OAAO,CAAC,OAAO,CAAC,CAAC,6CAA6C,CAAC,CAAC;AAC9E,SAAS,wBAAwB,CAAC,EAAE;IAChC,MAAM,cAAc,GAAG,EAAE,CAAC,CAAC,CAAC,CAAC,CAAC,EAAE,CAAC,CAAC,CAAC,cAAc,CAAC,CAAC,CAAC,cAAc,CAAC,OAAO,CAAC;IAC3E,OAAO,EAAE,cAAc,EAAE,CAAC;AAC9B,CAAC;AACD,SAAS,QAAQ,CAAC,OAAO,EAAE,IAAI;IAC3B,MAAM,SAAS,GAAG,OAAO,CAAC,SAAS,CAAC;IACpC,MAAM,IAAI,GAAG,CAAC,gBAAgB,EAAE,cAAc,EAAE,aAAa,EAAE,YAAY,CAAC,CAAC;IAC7E,MAAM,KAAK,GAAG,EAAE,CAAC;IACjB,IAAI,CAAC,GAAG,CAAC,UAAU,CAAC;QAChB,KAAK,CAAC,CAAC,CAAC,GAAG,CAAC,CAAC;IACjB,CAAC,CAAC,CAAC;IACH,SAAS,CAAC,GAAG,CAAC,UAAU,EAAE;QACtB,IAAI,CAAC,GAAG,CAAC,UAAU,CAAC;YAChB,KAAK,CAAC,CAAC,CAAC,IAAI,EAAE,CAAC,CAAC,CAAC,CAAC;QACtB,CAAC,CAAC,CAAC;IACP,CAAC,CAAC,CAAC;IACH,IAAI,CAAC,IAAI,EAAE,KAAK,CAAC,CAAC;AACtB,CAAC;AACD,SAAS,cAAc,CAAC,SAAS;IAC7B,SAAS,GAAG,SAAS,IAAI,EAAE,CAAC;IAC5B,MAAM,GAAG,GAAG;QACR,OAAO,EAAE,SAAS,CAAC,OAAO;QAC1B,MAAM,EAAE,SAAS,CAAC,UAAU;QAC5B,UAAU,EAAE,SAAS,CAAC,UAAU;YAC5B,CAAC,CAAC,0CAA0C,GAAG,SAAS,CAAC,UAAU;YACnE,CAAC,CAAC,EAAE;QACR,YAAY,EAAE,SAAS,CAAC,WAAW;QACnC,cAAc,EAAE,SAAS,CAAC,aAAa;QACvC,SAAS,EAAE,SAAS,CAAC,SAAS;QAC9B,iBAAiB,EAAE,SAAS,CAAC,gBAAgB;QAC7C,KAAK,EAAE,SAAS,CAAC,KAAK;QACtB,QAAQ,EAAE,SAAS,CAAC,IAAI;QACxB,oBAAoB,EAAE,SAAS,CAAC,iBAAiB;QACjD,iBAAiB,EAAE,mBAAmB,CAAC,YAAY,CAAC,SAAS,CAAC;QAC9D,YAAY,EAAE,SAAS,CAAC,WAAW,CAAC,CAAC,CAAC,SAAS,CAAC,WAAW,CAAC,CAAC,CAAC,IAAI;QAClE,GAAG,EAAE,SAAS;KACjB,CAAC;IACF,OAAO,GAAG,CAAC;AACf,CAAC;AACD,SAAS,YAAY,CAAC,OAAO,EAAE,IAAI;IAC/B,MAAM,EAAE,GAAG,OAAO,CAAC,EAAE,CAAC;IACtB,KAAK,CAAC,kCAAkC,CAAC,CAAC;IAC1C,MAAM,IAAI,GAAG;QACT,SAAS,EAAE,CAAC;KACf,CAAC;IACF,MAAM,OAAO,GAAG,EAAE,CAAC,YAAY,KAAK,OAAO,CAAC,CAAC,CAAC,EAAE,CAAC,CAAC,CAAC,EAAE,CAAC,KAAK,EAAE,CAAC;IAC9D,OAAO,CAAC,OAAO,CAAC,IAAI,EAAE,wBAAwB,CAAC,EAAE,CAAC,EAAE,UAAU,GAAG,EAAE,GAAG;QAClE,IAAI,GAAG,EAAE;YACL,KAAK,CAAC,mBAAmB,EAAE,GAAG,CAAC,CAAC;YAChC,GAAG,CAAC,OAAO,GAAG,WAAW,CAAC;YAC1B,OAAO,IAAI,CAAC,GAAG,CAAC,CAAC;SACpB;QACD,IAAI,CAAC,IAAI,EAAE,cAAc,CAAC,GAAG,CAAC,CAAC,CAAC;IACpC,CAAC,CAAC,CAAC;AACP,CAAC;AACD,SAAS,cAAc,CAAC,OAAO,EAAE,IAAI;IACjC,MAAM,EAAE,GAAG,OAAO,CAAC,EAAE,CAAC;IACtB,MAAM,IAAI,GAAG;QACT,cAAc,EAAE,CAAC;KACpB,CAAC;IACF,MAAM,OAAO,GAAG,EAAE,CAAC,YAAY,KAAK,OAAO,CAAC,CAAC,CAAC,EAAE,CAAC,CAAC,CAAC,EAAE,CAAC,KAAK,EAAE,CAAC;IAC9D,OAAO,CAAC,OAAO,CAAC,IAAI,EAAE,wBAAwB,CAAC,EAAE,CAAC,EAAE,UAAU,GAAG,EAAE,GAAG;QAClE,IAAI,GAAG,EAAE;YACL,KAAK,CAAC,wBAAwB,EAAE,GAAG,CAAC,CAAC;YACrC,OAAO,IAAI,CAAC,IAAI,EAAE,EAAE,MAAM,EAAE,GAAG,CAAC,OAAO,EAAE,CAAC,CAAC;SAC9C;QACD,IAAI,CAAC,IAAI,EAAE,GAAG,CAAC,CAAC;IACpB,CAAC,CAAC,CAAC;AACP,CAAC;AACD,SAAS,iBAAiB,CAAC,OAAO,EAAE,IAAI;IACpC,MAAM,SAAS,GAAG,OAAO,CAAC,KAAK,CAAC,GAAG,CAAC;IACpC,MAAM,WAAW,GAAG,OAAO,CAAC,WAAW,CAAC;IACxC,KAAK,CAAC,iDAAiD,EAAE,SAAS,EAAE,WAAW,CAAC,CAAC;IACjF,MAAM,EAAE,SAAS,EAAE,UAAU,EAAE,GAAG,mBAAmB,CAAC,iBAAiB,CAAC,SAAS,EAAE,WAAW,CAAC,CAAC;IAChG,MAAM,GAAG,GAAG;QACR,SAAS;QACT,MAAM,EAAE,UAAU;KACrB,CAAC;IACF,IAAI,CAAC,IAAI,EAAE,GAAG,CAAC,CAAC;AACpB,CAAC;AACD,SAAS,WAAW,CAAC,OAAO,EAAE,IAAI;IAC9B,MAAM,SAAS,GAAG,OAAO,CAAC,KAAK,CAAC,GAAG,CAAC;IACpC,KAAK,CAAC,sCAAsC,EAAE,SAAS,CAAC,QAAQ,CAAC,CAAC;IAClE,MAAM,EAAE,UAAU,EAAE,SAAS,EAAE,GAAG,mBAAmB,CAAC,WAAW,CAAC,SAAS,CAAC,CAAC;IAC7E,MAAM,GAAG,GAAG;QACR,UAAU;QACV,OAAO,EAAE,SAAS;KACrB,CAAC;IACF,IAAI,CAAC,IAAI,EAAE,GAAG,CAAC,CAAC;AACpB,CAAC;AACD,SAAS,aAAa,CAAC,QAAQ;IAC3B,QAAQ,GAAG,QAAQ,IAAI,EAAE,CAAC;IAC1B,MAAM,cAAc,GAAG,QAAQ,CAAC,MAAM,IAAI,EAAE,CAAC;IAC7C,MAAM,UAAU,GAAG,QAAQ,CAAC,EAAE,IAAI,EAAE,CAAC;IACrC,MAAM,aAAa,GAAG,QAAQ,CAAC,KAAK,IAAI,EAAE,CAAC;IAC3C,OAAO;QACH,WAAW,EAAE,cAAc,CAAC,WAAW;QACvC,QAAQ,EAAE,cAAc,CAAC,QAAQ,IAAI,SAAS;QAC9C,EAAE,EAAE,UAAU,CAAC,IAAI;QACnB,SAAS,EAAE,CAAC,UAAU,CAAC,IAAI,IAAI,SAAS,CAAC,CAAC,WAAW,EAAE;QACvD,cAAc,EAAE,UAAU,CAAC,OAAO;QAClC,qBAAqB,EAAE,aAAa,CAAC,aAAa;QAClD,WAAW,EAAE,CAAC,cAAc,CAAC,SAAS,IAAI,CAAC,CAAC,GAAG,IAAI,GAAG,IAAI;QAC1D,gBAAgB,EAAE,aAAa,CAAC,QAAQ;QACxC,IAAI,EAAE,cAAc,CAAC,OAAO;QAC5B,SAAS,EAAE,cAAc,CAAC,QAAQ;QAClC,kBAAkB,EAAE,aAAa,CAAC,aAAa;QAC/C,aAAa,EAAE,aAAa,CAAC,SAAS;QACtC,aAAa,EAAE,CAAC,aAAa,CAAC,eAAe,IAAI,CAAC,CAAC,GAAG,OAAO;QAC7D,UAAU,EAAE,aAAa,CAAC,SAAS;QACnC,QAAQ,EAAE,cAAc,CAAC,WAAW;QACpC,aAAa,EAAE,aAAa,CAAC,KAAK;QAClC,YAAY,EAAE,cAAc,CAAC,WAAW;QACxC,wBAAwB,EAAE,aAAa,CAAC,cAAc;QACtD,iBAAiB,EAAE,aAAa,CAAC,QAAQ;KAC5C,CAAC;AACN,CAAC;AACD,SAAS,WAAW,CAAC,OAAO,EAAE,IAAI;IAC9B,MAAM,EAAE,GAAG,OAAO,CAAC,EAAE,CAAC;IACtB,MAAM,IAAI,GAAG;QACT,Q
[...]
,\n        }, (error, coll) => {\n            if (error) {\n                return callback(this._translateMessage(error));\n            }\n            callback(null, this._buildCollectionDetail(ns, coll));\n        });\n    }\n    listCollections(databaseName, filter, callback) {\n        var db = this._database(databaseName);\n        db.listCollections(filter, {}).toArray((error, data) => {\n            if (error) {\n                return callback(this._translateMessage(error));\n            }\n            callback(null, data);\n        });\n    }\n    listDatabases(callback) {\n        this.database.admin().command({\n            listDatabases: 1,\n        }, {\n            readPreference: this.model.readPreference,\n        }, (error, result) => {\n            if (error) {\n                return callback(this._translateMessage(error));\n            }\n            callback(null, result.databases);\n        });\n    }\n    collections(databaseName, callback) {\n        if (databaseName === SYSTEM) {\n            return callback(null, []);\n        }\n        this.collectionNames(databaseName, (error, names) => {\n            if (error) {\n                return callback(this._translateMessage(error));\n            }\n            async.parallel(map(names, (name) => {\n                return (done) => {\n                    this.collectionStats(databaseName, name, done);\n                };\n            }), callback);\n        });\n    }\n    collectionNames(databaseName, callback) {\n        this.listCollections(databaseName, {}, (error, collections) => {\n            if (error) {\n                return callback(this._translateMessage(error));\n            }\n            var names = map(collections, (collection) => {\n                return collection.name;\n            });\n            callback(null, names);\n        });\n    }\n    currentOp(includeAll, callback) {\n        this.database\n            .admin()\n            .command({ currentOp: 1, $all: includeAll }, (error, result) => {\n            if (error) {\n                this._database(\"admin\")\n                    .collection(\"$cmd.sys.inprog\")\n                    .findOne({ $all: includeAll }, (error2, result2) => {\n                    if (error2) {\n                        return callback(this._translateMessage(error2));\n                    }\n                    callback(null, result2);\n                });\n                return;\n            }\n            callback(null, result);\n        });\n    }\n    serverStats(callback) {\n        this.database.admin().serverStatus((error, result) => {\n            if (error) {\n                return callback(this._translateMessage(error));\n            }\n            callback(null, result);\n        });\n    }\n    top(callback) {\n        this.database.admin().command({ top: 1 }, (error, result) => {\n            if (error) {\n                return callback(this._translateMessage(error));\n            }\n            callback(null, result);\n        });\n    }\n    collectionStats(databaseName, collectionName, callback) {\n        var db = this._database(databaseName);\n        db.command({ collStats: collectionName, verbose: true }, (error, data) => {\n            if (error && !error.message.includes(VIEW_ERROR)) {\n                return callback(this._translateMessage(error));\n            }\n            callback(null, this._buildCollectionStats(databaseName, collectionName, data || {}));\n        });\n    }\n    createCollection(ns, options, callback) {\n        var collectionName = this._collectionName(ns);\n        var db = this._database(this._databaseName(ns));\n        db.createCollection(collectionName, options, (error, result) => {\n            if (error) {\n                return callback(this._translateMessage(error));\n            }\n            callback(null, result);\n        });\n    }\n    createIndex(ns, spec, options, callback) {\n        this._collection(ns).createIndex(spec, options, (error, result) => {\n            if (error) {\n                return callback(this._translateMessage(error));\n            }\n            callback(null, result);\n        });\n    }\n    databaseDetail(name, callback) {\n        async.parallel({\n            stats: this.databaseStats.bind(this, name),\n            collections: this.collections.bind(this, name),\n        }, (error, db) => {\n            if (error) {\n                return callback(this._translateMessage(error));\n            }\n            callback(null, this._buildDatabaseDetail(name, db));\n        });\n    }\n    databaseStats(name, callback) {\n        var db = this._database(name);\n        db.command({ dbStats: 1 }, (error, data) => {\n            if (error) {\n                return callback(this._translateMessage(error));\n            }\n            callback(null, this._buildDatabaseStats(data));\n        });\n    }\n    deleteOne(ns, filter, options, callback) {\n        this._collection(ns).deleteOne(filter, options, (error, result) => {\n            if (error) {\n                return callback(this._translateMessage(error));\n            }\n            callback(null, result);\n        });\n    }\n    deleteMany(ns, filter, options, callback) {\n        this._collection(ns).deleteMany(filter, options, (error, result) => {\n            if (error) {\n                return callback(this._translateMessage(error));\n            }\n            callback(null, result);\n        });\n    }\n    disconnect(callback) {\n        if (!this.client) {\n            setImmediate(() => {\n                callback();\n            });\n            return;\n        }\n        this.client.close(true, (err) => {\n            if (this.tunnel) {\n                debug(\"mongo client closed. shutting down ssh tunnel\");\n                this.tunnel.close().finally(() => {\n                    this._cleanup();\n                    debug(\"ssh tunnel stopped\");\n                    callback(err);\n                });\n            }\n            else {\n                this._cleanup();\n                return callback(err);\n            }\n        });\n    }\n    dropCollection(ns, callback) {\n        this._collection(ns).drop((error, result) => {\n            if (error) {\n                return callback(this._translateMessage(error));\n            }\n            callback(null, result);\n        });\n    }\n    dropDatabase(name, callback) {\n        this._database(this._databaseName(name)).dropDatabase((error, result) => {\n            if (error) {\n                return callback(this._translateMessage(error));\n            }\n            callback(null, result);\n        });\n    }\n    dropIndex(ns, name, callback) {\n        this._collection(ns).dropIndex(name, (error, result) => {\n            if (error) {\n                return callback(this._translateMessage(error));\n            }\n            callback(null, result);\n        });\n    }\n    aggregate(ns, pipeline, options, callback) {\n        if (typeof options === \"function\") {\n            callback = options;\n            options = undefined;\n        }\n        const cursor = this._collection(ns).aggregate(pipeline, options);\n        if (isFunction(callback)) {\n            process.nextTick(callback, null, cursor);\n            return;\n        }\n        return cursor;\n    }\n    find(ns, filter = {}, options = {}, callback = () => { }) {\n        const sort = options.sort;\n        delete options.sort;\n        let cursor = this._collection(ns).find(filter, options);\n        if (sort) {\n            cursor = cursor.sort(sort);\n        }\n        cursor.toArray((error, documents) => {\n            if (error) {\n                return callback(this._translateMessage(error));\n            }\n            callback(null, documents);\n        });\n    }\n    fetch(ns, filter, options) {\n        return this._collection(ns).find(filter, options);\n    }\n    findOneAndReplace(ns, filter, replacement, options, callback) {\n        this._collection(ns).findOneAndReplace(filter, replacement, options, (error, result) => {\n            if (error) {\n                return callback(this._translateMessage(error));\n            }\n            callback(null, result.value);\n        });\n    }\n    findOneAndUpdate(ns, filter, update, options, callback) {\n        this._collection(ns).findOneAndUpdate(filter, update, options, (error, result) => {\n            if (error) {\n                return callback(this._translateMessage(error));\n            }\n            callback(null, result.value);\n        });\n    }\n    explain(ns, filter, options, callback) {\n        this._collection(ns)\n            .find(filter, options)\n            .explain((error, explanation) => {\n            if (error) {\n                return callback(this._translateMessage(error));\n            }\n            callback(null, explanation);\n        });\n    }\n    indexes(ns, callback) {\n        getIndexes(this.client, ns, (error, data) => {\n            if (error) {\n                return callback(this._translateMessage(error));\n            }\n            callback(null, data);\n        });\n    }\n    insertOne(ns, doc, options, callback) {\n        this._collection(ns).insertOne(doc, options, (error, result) => {\n            if (error) {\n                return callback(this._translateMessage(error));\n            }\n            callback(null, result);\n        });\n    }\n    insertMany(ns, docs, options, callback) {\n        this._collection(ns).insertMany(docs, options, (error, result) => {\n            if (error) {\n                return callback(this._translateMessage(error));\n            }\n            callback(null, result);\n        });\n    }\n    putMany(ns, docs, options) {\n        return this._collection(ns).insertMany(docs, options);\n    }\n    instance(callback) {\n        getInstance(this.client, this.database, (error, data) => {\n            if (error) {\n                return callback(this._translateMessage(error));\n            }\n            callback(null, this._buildInstance(data));\n        });\n    }\n    sample(ns, { query, size, fields } = {}, options = {}) {\n        const pipeline = [];\n        if (query && Object.keys(query).length > 0) {\n            pipeline.push({\n                $match: query,\n            });\n        }\n        pipeline.push({\n            $sample: {\n                size: size === 0 ? 0 : size || DEFAULT_SAMPLE_SIZE,\n            },\n        });\n        if (fields && Object.keys(fields).length > 0) {\n            pipeline.push({\n                $project: fields,\n            });\n        }\n        return this.aggregate(ns, pipeline, {\n            allowDiskUse: true,\n            ...options,\n        });\n    }\n    startSession() {\n        return this.client.startSession();\n    }\n    killSession(clientSession) {\n        return this.database.admin().command({\n            killSessions: [clientSession.id],\n        });\n    }\n    shardedCollectionDetail(ns, callback) {\n        this.collectionDetail(ns, (error, data) => {\n            if (error) {\n                return callback(this._translateMessage(error));\n            }\n            if (!data.sharded) {\n                return callback(null, data);\n            }\n            async.parallel(map(data.shards, (shardStats, shardName) => {\n                return this._shardDistribution.bind(this, ns, shardName, data, shardStats);\n            }), (err) => {\n                if (err) {\n                    return callback(this._translateMessage(err));\n                }\n                callback(null, data);\n            });\n        });\n    }\n    updateCollection(ns, flags, callback) {\n        var collectionName = this._collectionName(ns);\n        var db = this._database(this._databaseName(ns));\n        var collMod = { collMod: collectionName };\n        var command = assignIn(collMod, flags);\n        db.command(command, (error, result) => {\n            if (error) {\n                return callback(this._translateMessage(error));\n            }\n            callback(null, result);\n        });\n    }\n    updateOne(ns, filter, update, options, callback) {\n        this._collection(ns).updateOne(filter, update, options, (error, result) => {\n            if (error) {\n                return callback(this._translateMessage(error));\n            }\n            callback(null, result);\n        });\n    }\n    updateMany(ns, filter, update, options, callback) {\n        this._collection(ns).updateMany(filter, update, options, (error, result) => {\n            if (error) {\n                return callback(this._translateMessage(error));\n            }\n            callback(null, result);\n        });\n    }\n    createView(name, sourceNs, pipeline, options, callback) {\n        options.viewOn = this._collectionName(sourceNs);\n        options.pipeline = pipeline;\n        this._database(this._databaseName(sourceNs)).createCollection(name, options, (error, result) => {\n            if (error) {\n                return callback(this._translateMessage(error));\n            }\n            callback(null, result);\n        });\n    }\n    updateView(name, sourceNs, pipeline, options, callback) {\n        options.viewOn = this._collectionName(sourceNs);\n        options.pipeline = pipeline;\n        var collMod = { collMod: name };\n        var command = assignIn(collMod, options);\n        var db = this._database(this._databaseName(sourceNs));\n        db.command(command, (error, result) => {\n            if (error) {\n                return callback(this._translateMessage(error));\n            }\n            callback(null, result);\n        });\n    }\n    dropView(ns, callback) {\n        this.dropCollection(ns, callback);\n    }\n    _shardDistribution(ns, shardName, detail, shardStats, callback) {\n        var configDb = this._database(\"config\");\n        configDb\n            .collection(\"shards\")\n            .findOne({ _id: shardName }, (error, shardDoc) => {\n            if (error) {\n                return callback(this._translateMessage(error));\n            }\n            configDb\n                .collection(\"chunks\")\n                .count({ ns: ns, shard: shardName }, (err, chunkCount) => {\n                if (err) {\n                    return callback(this._translateMessage(err));\n                }\n                Object.assign(shardStats, this._buildShardDistribution(detail, shardStats, shardDoc, chunkCount));\n                callback(null);\n            });\n        });\n    }\n    _buildCollectionDetail(ns, data) {\n        return assignIn(data.stats, {\n            _id: ns,\n            name: this._collectionName(ns),\n            database: this._databaseName(ns),\n            indexes: data.indexes,\n        });\n    }\n    _buildShardDistribution(detail, shardStats, shardDoc, chunkCount) {\n        return {\n            host: shardDoc.host,\n            shardData: shardStats.size,\n            shardDocs: shardStats.count,\n            estimatedDataPerChunk: shardStats.size / chunkCount,\n            estimatedDocsPerChunk: Math.floor(shardStats.count / chunkCount),\n            estimatedDataPercent: Math.floor((shardStats.size / detail.size || 0) * 10000) / 100,\n            estimatedDocPercent: Math.floor((shardStats.count / detail.count || 0) * 10000) / 100,\n        };\n    }\n    _buildCollectionStats(databaseName, collectionName, data) {\n        return {\n            ns: databaseName + \".\" + collectionName,\n            name: collectionName,\n            database: databaseName,\n            is_capped: data.capped,\n            max: data.max,\n            is_power_of_two: data.userFlags === 1,\n            index_sizes: data.indexSizes,\n            document_count: data.count,\n            document_size: data.size,\n            storage_size: data.storageSize,\n            index_count: data.nindexes,\n            index_size: data.totalIndexSize,\n            padding_factor: data.paddingFactor,\n            extent_count: data.numExtents,\n            extent_last_size: data.lastExtentSize,\n            flags_user: data.userFlags,\n            flags_system: data.systemFlags,\n            max_document_size: data.maxSize,\n            sharded: data.sharded || false,\n            shards: data.shards || {},\n            size: data.size,\n            index_details: data.indexDetails || {},\n            wired_tiger: data.wiredTiger || {},\n        };\n    }\n    _buildDatabaseDetail(name, db) {\n        return {\n            _id: name,\n            name: name,\n            stats: db.stats,\n            collections: db.collections,\n        };\n    }\n    _buildDatabaseStats(data) {\n        return {\n            document_count: data.objects,\n            document_size: data.dataSize,\n            storage_size: data.storageSize,\n            index_count: data.indexes,\n            index_size: data.indexSize,\n            extent_count: data.numExtents,\n            file_size: data.fileSize,\n            ns_size: data.nsSizeMB * 1024 * 1024,\n        };\n    }\n    _buildInstance(data) {\n        return assignIn(data, {\n            _id: `${this.model.hostname}:${this.model.port}`,\n            hostname: this.model.hostname,\n            port: this.model.port,\n        });\n    }\n    _collection(ns) {\n        return this._database(this._databaseName(ns)).collection(this._collectionName(ns));\n    }\n    _collectionName(ns) {\n        return parseNamespace(ns).collection;\n    }\n    _databaseName(ns) {\n        return parseNamespace(ns).database;\n    }\n    _database(name) {\n        return this.client.db(name);\n    }\n    _isWritable(evt) {\n        const topologyType = evt.newDescription.type;\n        if (topologyType === SINGLE) {\n            const server = getFirstFromMap(evt.newDescription.servers);\n            return server && WRITABLE_SERVER_TYPES.includes(server.type);\n        }\n        return WRITABLE_TYPES.includes(topologyType);\n    }\n    _isMongos(evt) {\n        return evt.newDescription.type === SHARDED;\n    }\n    _translateMessage(error) {\n        if (typeof error === \"string\") {\n            error = { message: error };\n        }\n        else {\n            error.message = error.message || error.err || error.errmsg;\n        }\n        return error;\n    }\n    _cleanup() {\n        this.client = null;\n        this.connectionOptions = null;\n        this.tunnel = null;\n        this.isWritable = false;\n        this.isMongos = false;\n        this._isConnecting = false;\n    }\n}\nfunction addDebugToClass(cls) {\n    if (!debug.enabled) {\n        return cls;\n    }\n    const proto = cls.prototype;\n    for (const prop of Object.getOwnPropertyNames(proto)) {\n        if (prop.startsWith(\"_\")) {\n            continue;\n        }\n        const descriptor = Object.getOwnPropertyDescriptor(proto, prop);\n        if (typeof descriptor.value !== \"function\") {\n            continue;\n        }\n        const orig = descriptor.value;\n        descriptor.value = function (...args) {\n            debug(`${prop}()`, args);\n            if ((args.length > 0) & (typeof args[args.length - 1] === \"function\")) {\n                const origCallback = args[args.length - 1];\n                args[args.length - 1] = function (...callbackArgs) {\n                    debug(`${prop}()`, args, \"finished ->\", callbackArgs);\n                    return origCallback.call(this, ...callbackArgs);\n                };\n            }\n            return orig.call(this, ...args);\n        };\n        Object.defineProperty(proto, prop, descriptor);\n    }\n    return cls;\n}\nmodule.exports = addDebugToClass(NativeClient);\n//# sourceMappingURL=native-client.js.map"]},"_coverageSchema":"1a1c01bbd47fc00a2c39e90264f33305004495a9","hash":"d94117d00f3a08c051bab7dd8c01c7c702b05cf4","contentHash":"e2f1a01f43e3ed532c40ed68e21d1c986ada1dea2a9867326b5006d0fa33beee"}}